<?xml version="1.0" encoding="UTF-8"?>
<testsuite name="home.kafka.consumer.KafkaTopologyTest" tests="1" skipped="0" failures="0" errors="0" timestamp="2018-03-21T08:06:23" hostname="alex-pc" time="14.387">
  <properties/>
  <testcase name="testTopology" classname="home.kafka.consumer.KafkaTopologyTest" time="14.387"/>
  <system-out><![CDATA[09:06:19.649 [Test worker] DEBUG org.springframework.test.context.junit4.SpringJUnit4ClassRunner - SpringJUnit4ClassRunner constructor called with [class home.kafka.consumer.KafkaTopologyTest]
09:06:19.656 [Test worker] DEBUG org.springframework.test.context.BootstrapUtils - Instantiating CacheAwareContextLoaderDelegate from class [org.springframework.test.context.cache.DefaultCacheAwareContextLoaderDelegate]
09:06:19.661 [Test worker] DEBUG org.springframework.test.context.BootstrapUtils - Instantiating BootstrapContext using constructor [public org.springframework.test.context.support.DefaultBootstrapContext(java.lang.Class,org.springframework.test.context.CacheAwareContextLoaderDelegate)]
09:06:19.673 [Test worker] DEBUG org.springframework.test.context.BootstrapUtils - Instantiating TestContextBootstrapper for test class [home.kafka.consumer.KafkaTopologyTest] from class [org.springframework.boot.test.context.SpringBootTestContextBootstrapper]
09:06:19.680 [Test worker] INFO org.springframework.boot.test.context.SpringBootTestContextBootstrapper - Neither @ContextConfiguration nor @ContextHierarchy found for test class [home.kafka.consumer.KafkaTopologyTest], using SpringBootContextLoader
09:06:19.691 [Test worker] DEBUG org.springframework.test.context.support.AbstractContextLoader - Did not detect default resource location for test class [home.kafka.consumer.KafkaTopologyTest]: class path resource [home/kafka/consumer/KafkaTopologyTest-context.xml] does not exist
09:06:19.692 [Test worker] DEBUG org.springframework.test.context.support.AbstractContextLoader - Did not detect default resource location for test class [home.kafka.consumer.KafkaTopologyTest]: class path resource [home/kafka/consumer/KafkaTopologyTestContext.groovy] does not exist
09:06:19.692 [Test worker] INFO org.springframework.test.context.support.AbstractContextLoader - Could not detect default resource locations for test class [home.kafka.consumer.KafkaTopologyTest]: no resource found for suffixes {-context.xml, Context.groovy}.
09:06:19.730 [Test worker] DEBUG org.springframework.test.context.support.ActiveProfilesUtils - Could not find an 'annotation declaring class' for annotation type [org.springframework.test.context.ActiveProfiles] and class [home.kafka.consumer.KafkaTopologyTest]
09:06:19.823 [Test worker] DEBUG org.springframework.boot.test.context.SpringBootTestContextBootstrapper - @TestExecutionListeners is not present for class [home.kafka.consumer.KafkaTopologyTest]: using defaults.
09:06:19.824 [Test worker] INFO org.springframework.boot.test.context.SpringBootTestContextBootstrapper - Loaded default TestExecutionListener class names from location [META-INF/spring.factories]: [org.springframework.boot.test.autoconfigure.restdocs.RestDocsTestExecutionListener, org.springframework.boot.test.autoconfigure.web.client.MockRestServiceServerResetTestExecutionListener, org.springframework.boot.test.autoconfigure.web.servlet.MockMvcPrintOnlyOnFailureTestExecutionListener, org.springframework.boot.test.autoconfigure.web.servlet.WebDriverTestExecutionListener, org.springframework.boot.test.mock.mockito.MockitoTestExecutionListener, org.springframework.boot.test.mock.mockito.ResetMocksTestExecutionListener, org.springframework.test.context.web.ServletTestExecutionListener, org.springframework.test.context.support.DirtiesContextBeforeModesTestExecutionListener, org.springframework.test.context.support.DependencyInjectionTestExecutionListener, org.springframework.test.context.support.DirtiesContextTestExecutionListener, org.springframework.test.context.transaction.TransactionalTestExecutionListener, org.springframework.test.context.jdbc.SqlScriptsTestExecutionListener]
09:06:19.828 [Test worker] DEBUG org.springframework.boot.test.context.SpringBootTestContextBootstrapper - Skipping candidate TestExecutionListener [org.springframework.test.context.web.ServletTestExecutionListener] due to a missing dependency. Specify custom listener classes or make the default listener classes and their required dependencies available. Offending class: [javax/servlet/ServletContext]
09:06:19.891 [Test worker] INFO org.springframework.boot.test.context.SpringBootTestContextBootstrapper - Using TestExecutionListeners: [org.springframework.test.context.support.DirtiesContextBeforeModesTestExecutionListener@2cd11585, org.springframework.boot.test.mock.mockito.MockitoTestExecutionListener@4c1209c9, org.springframework.boot.test.autoconfigure.SpringBootDependencyInjectionTestExecutionListener@17c18206, org.springframework.test.context.support.DirtiesContextTestExecutionListener@b889d51, org.springframework.test.context.transaction.TransactionalTestExecutionListener@2f51dc98, org.springframework.test.context.jdbc.SqlScriptsTestExecutionListener@7351d4fa, org.springframework.boot.test.autoconfigure.restdocs.RestDocsTestExecutionListener@689ba924, org.springframework.boot.test.autoconfigure.web.client.MockRestServiceServerResetTestExecutionListener@27b6c373, org.springframework.boot.test.autoconfigure.web.servlet.MockMvcPrintOnlyOnFailureTestExecutionListener@6227e01, org.springframework.boot.test.autoconfigure.web.servlet.WebDriverTestExecutionListener@7ba99c3b, org.springframework.boot.test.mock.mockito.ResetMocksTestExecutionListener@4e4ed8e3]
09:06:19.893 [Test worker] DEBUG org.springframework.test.annotation.ProfileValueUtils - Retrieved @ProfileValueSourceConfiguration [null] for test class [home.kafka.consumer.KafkaTopologyTest]
09:06:19.893 [Test worker] DEBUG org.springframework.test.annotation.ProfileValueUtils - Retrieved ProfileValueSource type [class org.springframework.test.annotation.SystemProfileValueSource] for class [home.kafka.consumer.KafkaTopologyTest]
09:06:19.893 [Test worker] DEBUG org.springframework.test.annotation.ProfileValueUtils - Retrieved @ProfileValueSourceConfiguration [null] for test class [home.kafka.consumer.KafkaTopologyTest]
09:06:19.893 [Test worker] DEBUG org.springframework.test.annotation.ProfileValueUtils - Retrieved ProfileValueSource type [class org.springframework.test.annotation.SystemProfileValueSource] for class [home.kafka.consumer.KafkaTopologyTest]
09:06:19.896 [Test worker] DEBUG org.springframework.test.annotation.ProfileValueUtils - Retrieved @ProfileValueSourceConfiguration [null] for test class [home.kafka.consumer.KafkaTopologyTest]
09:06:19.896 [Test worker] DEBUG org.springframework.test.annotation.ProfileValueUtils - Retrieved ProfileValueSource type [class org.springframework.test.annotation.SystemProfileValueSource] for class [home.kafka.consumer.KafkaTopologyTest]
09:06:20.026 [Test worker] INFO org.apache.zookeeper.server.ZooKeeperServer - Server environment:zookeeper.version=3.4.10-39d3a4f269333c922ed3db283be479f9deacaa0f, built on 03/23/2017 10:13 GMT
09:06:20.026 [Test worker] INFO org.apache.zookeeper.server.ZooKeeperServer - Server environment:host.name=alex-pc
09:06:20.026 [Test worker] INFO org.apache.zookeeper.server.ZooKeeperServer - Server environment:java.version=9.0.4
09:06:20.026 [Test worker] INFO org.apache.zookeeper.server.ZooKeeperServer - Server environment:java.vendor=Oracle Corporation
09:06:20.027 [Test worker] INFO org.apache.zookeeper.server.ZooKeeperServer - Server environment:java.home=/usr/lib/jvm/java-9-openjdk
09:06:20.027 [Test worker] INFO org.apache.zookeeper.server.ZooKeeperServer - Server environment:java.class.path=/home/alex/.gradle/caches/4.5.1/workerMain/gradle-worker.jar:/home/alex/src/tetralog-examples/kafka-consumer-earning/build/classes/java/test:/home/alex/src/tetralog-examples/kafka-consumer-earning/build/resources/test:/home/alex/src/tetralog-examples/kafka-consumer-earning/build/classes/java/main:/home/alex/src/tetralog-examples/kafka-consumer-earning/build/resources/main:/home/alex/.gradle/caches/modules-2/files-2.1/org.springframework.boot/spring-boot-starter-actuator/2.0.0.RELEASE/22d7f64be5452ddad3fd0d651c818de658a18f3e/spring-boot-starter-actuator-2.0.0.RELEASE.jar:/home/alex/.gradle/caches/modules-2/files-2.1/org.springframework.boot/spring-boot-starter-webflux/2.0.0.RELEASE/e62ffe86d692cc5cc1e1cd5e96c27e524c1bb8fd/spring-boot-starter-webflux-2.0.0.RELEASE.jar:/home/alex/.m2/repository/home/kafka-payload/1.2/kafka-payload-1.2.jar:/home/alex/.gradle/caches/modules-2/files-2.1/org.springframework.kafka/spring-kafka/2.1.4.RELEASE/a3c791ec3fc4948df7450311ecaed03263908fd2/spring-kafka-2.1.4.RELEASE.jar:/home/alex/.gradle/caches/modules-2/files-2.1/org.apache.kafka/kafka-streams/1.0.0/a6c87c367176beb7650eb2df173fd9fe6e38656f/kafka-streams-1.0.0.jar:/home/alex/.gradle/caches/modules-2/files-2.1/javax.xml.bind/jaxb-api/2.2.8/f0287831b3e3550b82b5bd19152d460061859ce6/jaxb-api-2.2.8.jar:/home/alex/.gradle/caches/modules-2/files-2.1/org.springframework.boot/spring-boot-starter-test/2.0.0.RELEASE/4ff0e1d9bd315a4a5867e9c6128691cac8b37348/spring-boot-starter-test-2.0.0.RELEASE.jar:/home/alex/.gradle/caches/modules-2/files-2.1/io.projectreactor/reactor-test/3.1.5.RELEASE/d54acad5cead02ad02821945161724e42389bd7c/reactor-test-3.1.5.RELEASE.jar:/home/alex/.gradle/caches/modules-2/files-2.1/org.springframework.kafka/spring-kafka-test/2.1.4.RELEASE/75f2e32e5298836783cd824b5e4387b92a97b0e/spring-kafka-test-2.1.4.RELEASE.jar:/home/alex/.gradle/caches/modules-2/files-2.1/org.springframework.boot/spring-boot-starter-json/2.0.0.RELEASE/5a09c939d8bd60d7f163c1c0c20a3127ba9fffa/spring-boot-starter-json-2.0.0.RELEASE.jar:/home/alex/.gradle/caches/modules-2/files-2.1/org.springframework.boot/spring-boot-starter/2.0.0.RELEASE/6d7d8e4bf053cd1833f3c7dbce676bc274f0892f/spring-boot-starter-2.0.0.RELEASE.jar:/home/alex/.gradle/caches/modules-2/files-2.1/org.springframework.boot/spring-boot-actuator-autoconfigure/2.0.0.RELEASE/ffaa094aef881dbb30621f6f042dcfec125ffe9/spring-boot-actuator-autoconfigure-2.0.0.RELEASE.jar:/home/alex/.gradle/caches/modules-2/files-2.1/io.micrometer/micrometer-core/1.0.1/698281b5829a16ddea19f3a5d4414d7ece1d3f11/micrometer-core-1.0.1.jar:/home/alex/.gradle/caches/modules-2/files-2.1/org.springframework.boot/spring-boot-starter-reactor-netty/2.0.0.RELEASE/73645f53ad7a9ecac382e15b85f6a04a45615e36/spring-boot-starter-reactor-netty-2.0.0.RELEASE.jar:/home/alex/.gradle/caches/modules-2/files-2.1/org.hibernate.validator/hibernate-validator/6.0.7.Final/8b9d9c7ec8c73963ea0fe81912fc67711a4ef76/hibernate-validator-6.0.7.Final.jar:/home/alex/.gradle/caches/modules-2/files-2.1/org.springframework/spring-webflux/5.0.4.RELEASE/4439ead1f8e413f7ae920704fb35b5b5a8847f1d/spring-webflux-5.0.4.RELEASE.jar:/home/alex/.gradle/caches/modules-2/files-2.1/org.springframework/spring-web/5.0.4.RELEASE/9565bbc67bf1a850a6505deaa5103931712a7b80/spring-web-5.0.4.RELEASE.jar:/home/alex/.gradle/caches/modules-2/files-2.1/org.synchronoss.cloud/nio-multipart-parser/1.1.0/c6c417fec6612584b1c34d4dd98c5a4e47e8c754/nio-multipart-parser-1.1.0.jar:/home/alex/.gradle/caches/modules-2/files-2.1/org.springframework.boot/spring-boot-test-autoconfigure/2.0.0.RELEASE/db0595321e96929d9473cf061f3408972d03c6aa/spring-boot-test-autoconfigure-2.0.0.RELEASE.jar:/home/alex/.gradle/caches/modules-2/files-2.1/org.springframework.boot/spring-boot-test/2.0.0.RELEASE/1565e78c2801bd3c7ece0a8ddc08e5ed53676878/spring-boot-test-2.0.0.RELEASE.jar:/home/alex/.gradle/caches/modules-2/files-2.1/org.springframework.boot/spring-boot-autoconfigure/2.0.0.RELEASE/c89896a469ecf92996ecba40755919896ace5470/spring-boot-autoconfigure-2.0.0.RELEASE.jar:/home/alex/.gradle/caches/modules-2/files-2.1/org.springframework.boot/spring-boot-actuator/2.0.0.RELEASE/309a5d45b09e361d29c9e7d1def644d70a50173b/spring-boot-actuator-2.0.0.RELEASE.jar:/home/alex/.gradle/caches/modules-2/files-2.1/org.springframework.boot/spring-boot/2.0.0.RELEASE/771da2071ff14a47f108642a641c204ae4ef7b15/spring-boot-2.0.0.RELEASE.jar:/home/alex/.gradle/caches/modules-2/files-2.1/org.springframework/spring-context/5.0.4.RELEASE/3e76d08c851113077642c5704f0f94d5ce58e905/spring-context-5.0.4.RELEASE.jar:/home/alex/.gradle/caches/modules-2/files-2.1/org.springframework/spring-messaging/5.0.4.RELEASE/21c0ee684684c50a6b13eaa894b2ceb3860dff12/spring-messaging-5.0.4.RELEASE.jar:/home/alex/.gradle/caches/modules-2/files-2.1/org.springframework/spring-tx/5.0.4.RELEASE/7afc193c5d2b812ee6d2ccaf6fcc81fb83bfb4a7/spring-tx-5.0.4.RELEASE.jar:/home/alex/.gradle/caches/modules-2/files-2.1/org.springframework.retry/spring-retry/1.2.2.RELEASE/638928732585c450e461f0a132b6834ad7cf3af0/spring-retry-1.2.2.RELEASE.jar:/home/alex/.gradle/caches/modules-2/files-2.1/org.apache.kafka/kafka_2.11/1.0.0/c21875affc4842d83c4590d61614fec7f99325b1/kafka_2.11-1.0.0.jar:/home/alex/.gradle/caches/modules-2/files-2.1/org.apache.kafka/kafka_2.11/1.0.0/6be10c39e6d5033c6aca1f64446d205c60b0dd19/kafka_2.11-1.0.0-test.jar:/home/alex/.gradle/caches/modules-2/files-2.1/org.apache.kafka/connect-json/1.0.0/4bcd05d3bcc2f04673407b2c483d783362677f0e/connect-json-1.0.0.jar:/home/alex/.gradle/caches/modules-2/files-2.1/org.apache.kafka/connect-api/1.0.0/ef429b6530db431bf8611aaebe6796fbb72499c/connect-api-1.0.0.jar:/home/alex/.gradle/caches/modules-2/files-2.1/org.apache.kafka/kafka-clients/1.0.0/98a12cfff3a5b7ca77e68aba7adccfd817b2d846/kafka-clients-1.0.0.jar:/home/alex/.gradle/caches/modules-2/files-2.1/org.apache.kafka/kafka-clients/1.0.0/33c05e2e1b33bf68ce5c8bb39b0ba7c2ac0338df/kafka-clients-1.0.0-test.jar:/home/alex/.gradle/caches/modules-2/files-2.1/com.jayway.jsonpath/json-path/2.4.0/765a4401ceb2dc8d40553c2075eb80a8fa35c2ae/json-path-2.4.0.jar:/home/alex/.gradle/caches/modules-2/files-2.1/org.synchronoss.cloud/nio-stream-storage/1.1.3/986dba5f6e5eed20f0dba6ddc8e8a64a9ebdc2f3/nio-stream-storage-1.1.3.jar:/home/alex/.gradle/caches/modules-2/files-2.1/com.yammer.metrics/metrics-core/2.2.0/f82c035cfa786d3cbec362c38c22a5f5b1bc8724/metrics-core-2.2.0.jar:/home/alex/.gradle/caches/modules-2/files-2.1/com.101tec/zkclient/0.10/c54d4b5a5e89af75a80b6d5857400165ce5188d0/zkclient-0.10.jar:/home/alex/.gradle/caches/modules-2/files-2.1/org.springframework.boot/spring-boot-starter-logging/2.0.0.RELEASE/fe939b71659ef1f98a53cce0b5bcf771685cf6a6/spring-boot-starter-logging-2.0.0.RELEASE.jar:/home/alex/.gradle/caches/modules-2/files-2.1/ch.qos.logback/logback-classic/1.2.3/7c4f3c474fb2c041d8028740440937705ebb473a/logback-classic-1.2.3.jar:/home/alex/.gradle/caches/modules-2/files-2.1/org.apache.logging.log4j/log4j-to-slf4j/2.10.0/f7e631ccf49cfc0aefa4a2a728da7d374c05bd3c/log4j-to-slf4j-2.10.0.jar:/home/alex/.gradle/caches/modules-2/files-2.1/org.slf4j/jul-to-slf4j/1.7.25/af5364cd6679bfffb114f0dec8a157aaa283b76/jul-to-slf4j-1.7.25.jar:/home/alex/.gradle/caches/modules-2/files-2.1/org.apache.zookeeper/zookeeper/3.4.10/8eebdbb7a9df83e02eaa42d0e5da0b57bf2e4da/zookeeper-3.4.10.jar:/home/alex/.gradle/caches/modules-2/files-2.1/org.slf4j/slf4j-api/1.7.25/da76ca59f6a57ee3102f8f9bd9cee742973efa8a/slf4j-api-1.7.25.jar:/home/alex/.gradle/caches/modules-2/files-2.1/org.rocksdb/rocksdbjni/5.7.3/421b44ad957a2b6cce5adedc204db551831b553d/rocksdbjni-5.7.3.jar:/home/alex/.gradle/caches/modules-2/files-2.1/com.fasterxml.jackson.datatype/jackson-datatype-jsr310/2.9.4/12d52679a6615c7972ea25bd8ebb60b191fe79b7/jackson-datatype-jsr310-2.9.4.jar:/home/alex/.gradle/caches/modules-2/files-2.1/com.fasterxml.jackson.datatype/jackson-datatype-jdk8/2.9.4/63ac052d52a70a15820d3dc07ea757826fd51d40/jackson-datatype-jdk8-2.9.4.jar:/home/alex/.gradle/caches/modules-2/files-2.1/com.fasterxml.jackson.module/jackson-module-parameter-names/2.9.4/5833c819877c3e85bad847f4d2fa4e70379217c6/jackson-module-parameter-names-2.9.4.jar:/home/alex/.gradle/caches/modules-2/files-2.1/com.fasterxml.jackson.core/jackson-databind/2.9.4/498bbc3b94f566982c7f7c6d4d303fce365529be/jackson-databind-2.9.4.jar:/home/alex/.gradle/caches/modules-2/files-2.1/com.fasterxml.jackson.core/jackson-core/2.9.4/a9a71ec1aa37da47db168fede9a4a5fb5e374320/jackson-core-2.9.4.jar:/home/alex/.gradle/caches/modules-2/files-2.1/junit/junit/4.12/2973d150c0dc1fefe998f834810d68f278ea58ec/junit-4.12.jar:/home/alex/.gradle/caches/modules-2/files-2.1/org.assertj/assertj-core/3.9.1/c5ce126b15f28d56cd8f960c1a6a058b9c9aea87/assertj-core-3.9.1.jar:/home/alex/.gradle/caches/modules-2/files-2.1/org.mockito/mockito-core/2.15.0/b84bfbbc29cd22c9529409627af6ea2897f4fa85/mockito-core-2.15.0.jar:/home/alex/.gradle/caches/modules-2/files-2.1/org.hamcrest/hamcrest-library/1.3/4785a3c21320980282f9f33d0d1264a69040538f/hamcrest-library-1.3.jar:/home/alex/.gradle/caches/modules-2/files-2.1/org.hamcrest/hamcrest-core/1.3/42a25dc3219429f0e5d060061f71acb49bf010a0/hamcrest-core-1.3.jar:/home/alex/.gradle/caches/modules-2/files-2.1/org.skyscreamer/jsonassert/1.5.0/6c9d5fe2f59da598d9aefc1cfc6528ff3cf32df3/jsonassert-1.5.0.jar:/home/alex/.gradle/caches/modules-2/files-2.1/org.springframework/spring-test/5.0.4.RELEASE/3fc10b6535a113593fa8780951465012a7677e21/spring-test-5.0.4.RELEASE.jar:/home/alex/.gradle/caches/modules-2/files-2.1/org.springframework/spring-aop/5.0.4.RELEASE/f8e029e54c0267dadb6b9f713f3feb54ec4f3a0e/spring-aop-5.0.4.RELEASE.jar:/home/alex/.gradle/caches/modules-2/files-2.1/org.springframework/spring-beans/5.0.4.RELEASE/7a8c3d48d4c33621e64d1399721d8e067450fcbd/spring-beans-5.0.4.RELEASE.jar:/home/alex/.gradle/caches/modules-2/files-2.1/org.springframework/spring-expression/5.0.4.RELEASE/4bda161f2e34c1486f2527a23eb47293567f473c/spring-expression-5.0.4.RELEASE.jar:/home/alex/.gradle/caches/modules-2/files-2.1/org.springframework/spring-core/5.0.4.RELEASE/2221a957b5561a34f044350ba4e30ef5870254a3/spring-core-5.0.4.RELEASE.jar:/home/alex/.gradle/caches/modules-2/files-2.1/org.xmlunit/xmlunit-core/2.5.1/4ffdb346572a7356f7521cd3119ce5287d2e339d/xmlunit-core-2.5.1.jar:/home/alex/.gradle/caches/modules-2/files-2.1/io.projectreactor.ipc/reactor-netty/0.7.5.RELEASE/a0153cc761873de10de654a5d3fb580f760d5a79/reactor-netty-0.7.5.RELEASE.jar:/home/alex/.gradle/caches/modules-2/files-2.1/io.projectreactor/reactor-core/3.1.5.RELEASE/bae1d739d0eaf1466ca7d78c4a7b1d0502849658/reactor-core-3.1.5.RELEASE.jar:/home/alex/.gradle/caches/modules-2/files-2.1/javax.annotation/javax.annotation-api/1.3.2/934c04d3cfef185a8008e7bf34331b79730a9d43/javax.annotation-api-1.3.2.jar:/home/alex/.gradle/caches/modules-2/files-2.1/org.yaml/snakeyaml/1.19/2d998d3d674b172a588e54ab619854d073f555b5/snakeyaml-1.19.jar:/home/alex/.gradle/caches/modules-2/files-2.1/org.hdrhistogram/HdrHistogram/2.1.10/9e1ac84eed220281841b75e72fb9de5a297fbf04/HdrHistogram-2.1.10.jar:/home/alex/.gradle/caches/modules-2/files-2.1/org.latencyutils/LatencyUtils/2.0.3/769c0b82cb2421c8256300e907298a9410a2a3d3/LatencyUtils-2.0.3.jar:/home/alex/.gradle/caches/modules-2/files-2.1/javax.validation/validation-api/2.0.1.Final/cb855558e6271b1b32e716d24cb85c7f583ce09e/validation-api-2.0.1.Final.jar:/home/alex/.gradle/caches/modules-2/files-2.1/org.jboss.logging/jboss-logging/3.3.2.Final/3789d00e859632e6c6206adc0c71625559e6e3b0/jboss-logging-3.3.2.Final.jar:/home/alex/.gradle/caches/modules-2/files-2.1/com.fasterxml/classmate/1.3.4/3d5f48f10bbe4eb7bd862f10c0583be2e0053c6/classmate-1.3.4.jar:/home/alex/.gradle/caches/modules-2/files-2.1/org.lz4/lz4-java/1.4/9bedb74f461a87ff2161bdf0778ad8ca6bad3e1c/lz4-java-1.4.jar:/home/alex/.gradle/caches/modules-2/files-2.1/org.xerial.snappy/snappy-java/1.1.4/d94ae6d7d27242eaa4b6c323f881edbb98e48da6/snappy-java-1.1.4.jar:/home/alex/.gradle/caches/modules-2/files-2.1/com.fasterxml.jackson.core/jackson-annotations/2.9.0/7c10d545325e3a6e72e06381afe469fd40eb701/jackson-annotations-2.9.0.jar:/home/alex/.gradle/caches/modules-2/files-2.1/net.minidev/json-smart/2.3/7396407491352ce4fa30de92efb158adb76b5b/json-smart-2.3.jar:/home/alex/.gradle/caches/modules-2/files-2.1/net.bytebuddy/byte-buddy/1.7.10/3c8ec287c0a5bd04b1e3f11723bc46a50346602b/byte-buddy-1.7.10.jar:/home/alex/.gradle/caches/modules-2/files-2.1/net.bytebuddy/byte-buddy-agent/1.7.10/9b092a8fb9112b89f6cb23fc929cfb931b14007b/byte-buddy-agent-1.7.10.jar:/home/alex/.gradle/caches/modules-2/files-2.1/org.objenesis/objenesis/2.6/639033469776fd37c08358c6b92a4761feb2af4b/objenesis-2.6.jar:/home/alex/.gradle/caches/modules-2/files-2.1/com.vaadin.external.google/android-json/0.0.20131108.vaadin1/fa26d351fe62a6a17f5cda1287c1c6110dec413f/android-json-0.0.20131108.vaadin1.jar:/home/alex/.gradle/caches/modules-2/files-2.1/org.springframework/spring-jcl/5.0.4.RELEASE/3053e2bad0a18571bdbb9596ce51f9d458f5934f/spring-jcl-5.0.4.RELEASE.jar:/home/alex/.gradle/caches/modules-2/files-2.1/org.reactivestreams/reactive-streams/1.0.2/323964c36556eb0e6209f65c1cef72b53b461ab8/reactive-streams-1.0.2.jar:/home/alex/.gradle/caches/modules-2/files-2.1/net.sf.jopt-simple/jopt-simple/5.0.4/4fdac2fbe92dfad86aa6e9301736f6b4342a3f5c/jopt-simple-5.0.4.jar:/home/alex/.gradle/caches/modules-2/files-2.1/org.scala-lang/scala-library/2.11.11/e283d2b7fde6504f6a86458b1f6af465353907cc/scala-library-2.11.11.jar:/home/alex/.gradle/caches/modules-2/files-2.1/io.netty/netty-handler-proxy/4.1.22.Final/8eabe24f0b8e95d0873964666ad070179ca81e72/netty-handler-proxy-4.1.22.Final.jar:/home/alex/.gradle/caches/modules-2/files-2.1/io.netty/netty-codec-http/4.1.22.Final/3805f3ca0d57630200defc7f9bb6ed3382dcb10b/netty-codec-http-4.1.22.Final.jar:/home/alex/.gradle/caches/modules-2/files-2.1/io.netty/netty-handler/4.1.22.Final/a3a16b17d5a5ed6f784b0daba95e28d940356109/netty-handler-4.1.22.Final.jar:/home/alex/.gradle/caches/modules-2/files-2.1/io.netty/netty-transport-native-epoll/4.1.22.Final/8d2149a9381fe8e38c44a9433d752aaa060bd4d3/netty-transport-native-epoll-4.1.22.Final.jar:/home/alex/.gradle/caches/modules-2/files-2.1/net.minidev/accessors-smart/1.2/c592b500269bfde36096641b01238a8350f8aa31/accessors-smart-1.2.jar:/home/alex/.gradle/caches/modules-2/files-2.1/ch.qos.logback/logback-core/1.2.3/864344400c3d4d92dfeb0a305dc87d953677c03c/logback-core-1.2.3.jar:/home/alex/.gradle/caches/modules-2/files-2.1/org.apache.logging.log4j/log4j-api/2.10.0/fec5797a55b786184a537abd39c3fa1449d752d6/log4j-api-2.10.0.jar:/home/alex/.gradle/caches/modules-2/files-2.1/io.netty/netty-codec-socks/4.1.22.Final/d077b39da2dedc5dc5db50a44e5f4c30353e86f3/netty-codec-socks-4.1.22.Final.jar:/home/alex/.gradle/caches/modules-2/files-2.1/io.netty/netty-codec/4.1.22.Final/239c0af275952e70bb4adf7cf8c03d88ddc394c9/netty-codec-4.1.22.Final.jar:/home/alex/.gradle/caches/modules-2/files-2.1/io.netty/netty-transport-native-unix-common/4.1.22.Final/6bacdbb3711aa9db2984da0b0ed7c5bc838136d2/netty-transport-native-unix-common-4.1.22.Final.jar:/home/alex/.gradle/caches/modules-2/files-2.1/io.netty/netty-transport/4.1.22.Final/3bd455cd9e5e5fb2e08fd9cd0acfa54c079ca989/netty-transport-4.1.22.Final.jar:/home/alex/.gradle/caches/modules-2/files-2.1/io.netty/netty-buffer/4.1.22.Final/15e964a2095031364f534a6e21977f5ee9ca32a9/netty-buffer-4.1.22.Final.jar:/home/alex/.gradle/caches/modules-2/files-2.1/io.netty/netty-resolver/4.1.22.Final/b5484d17a97cb57b07d2a1ac092c249e47234c17/netty-resolver-4.1.22.Final.jar:/home/alex/.gradle/caches/modules-2/files-2.1/io.netty/netty-common/4.1.22.Final/56ff4deca53fc791ed59ac2b72eb6718714a4de9/netty-common-4.1.22.Final.jar:/home/alex/.gradle/caches/modules-2/files-2.1/org.ow2.asm/asm/5.0.4/da08b8cce7bbf903602a25a3a163ae252435795/asm-5.0.4.jar:/home/alex/.gradle/caches/modules-2/files-2.1/log4j/log4j/1.2.16/7999a63bfccbc7c247a9aea10d83d4272bd492c6/log4j-1.2.16.jar
09:06:20.030 [Test worker] INFO org.apache.zookeeper.server.ZooKeeperServer - Server environment:java.library.path=/usr/java/packages/lib:/usr/lib64:/lib64:/lib:/usr/lib
09:06:20.030 [Test worker] INFO org.apache.zookeeper.server.ZooKeeperServer - Server environment:java.io.tmpdir=/tmp
09:06:20.030 [Test worker] INFO org.apache.zookeeper.server.ZooKeeperServer - Server environment:java.compiler=<NA>
09:06:20.030 [Test worker] INFO org.apache.zookeeper.server.ZooKeeperServer - Server environment:os.name=Linux
09:06:20.030 [Test worker] INFO org.apache.zookeeper.server.ZooKeeperServer - Server environment:os.arch=amd64
09:06:20.030 [Test worker] INFO org.apache.zookeeper.server.ZooKeeperServer - Server environment:os.version=4.14.27-1-MANJARO
09:06:20.030 [Test worker] INFO org.apache.zookeeper.server.ZooKeeperServer - Server environment:user.name=alex
09:06:20.030 [Test worker] INFO org.apache.zookeeper.server.ZooKeeperServer - Server environment:user.home=/home/alex
09:06:20.030 [Test worker] INFO org.apache.zookeeper.server.ZooKeeperServer - Server environment:user.dir=/home/alex/src/tetralog-examples/kafka-consumer-earning
09:06:20.031 [Test worker] DEBUG org.apache.zookeeper.server.persistence.FileTxnSnapLog - Opening datadir:/tmp/kafka-15038824487112032816 snapDir:/tmp/kafka-5509948410268468845
09:06:20.038 [Test worker] INFO org.apache.zookeeper.server.ZooKeeperServer - Created server with tickTime 500 minSessionTimeout 1000 maxSessionTimeout 10000 datadir /tmp/kafka-15038824487112032816/version-2 snapdir /tmp/kafka-5509948410268468845/version-2
09:06:20.042 [Test worker] INFO org.apache.zookeeper.server.NIOServerCnxnFactory - binding to port /127.0.0.1:0
09:06:20.053 [Test worker] ERROR org.apache.zookeeper.server.ZooKeeperServer - ZKShutdownHandler is not registered, so ZooKeeper server won't take any action on ERROR or SHUTDOWN server state changes
09:06:20.057 [Test worker] DEBUG org.I0Itec.zkclient.ZkConnection - Creating new ZookKeeper instance to connect to 127.0.0.1:46253.
09:06:20.058 [ZkClient-EventThread-30-127.0.0.1:46253] INFO org.I0Itec.zkclient.ZkEventThread - Starting ZkClient event thread.
09:06:20.060 [Test worker] INFO org.apache.zookeeper.ZooKeeper - Client environment:zookeeper.version=3.4.10-39d3a4f269333c922ed3db283be479f9deacaa0f, built on 03/23/2017 10:13 GMT
09:06:20.060 [Test worker] INFO org.apache.zookeeper.ZooKeeper - Client environment:host.name=alex-pc
09:06:20.060 [Test worker] INFO org.apache.zookeeper.ZooKeeper - Client environment:java.version=9.0.4
09:06:20.060 [Test worker] INFO org.apache.zookeeper.ZooKeeper - Client environment:java.vendor=Oracle Corporation
09:06:20.060 [Test worker] INFO org.apache.zookeeper.ZooKeeper - Client environment:java.home=/usr/lib/jvm/java-9-openjdk
09:06:20.060 [Test worker] INFO org.apache.zookeeper.ZooKeeper - Client environment:java.class.path=/home/alex/.gradle/caches/4.5.1/workerMain/gradle-worker.jar:/home/alex/src/tetralog-examples/kafka-consumer-earning/build/classes/java/test:/home/alex/src/tetralog-examples/kafka-consumer-earning/build/resources/test:/home/alex/src/tetralog-examples/kafka-consumer-earning/build/classes/java/main:/home/alex/src/tetralog-examples/kafka-consumer-earning/build/resources/main:/home/alex/.gradle/caches/modules-2/files-2.1/org.springframework.boot/spring-boot-starter-actuator/2.0.0.RELEASE/22d7f64be5452ddad3fd0d651c818de658a18f3e/spring-boot-starter-actuator-2.0.0.RELEASE.jar:/home/alex/.gradle/caches/modules-2/files-2.1/org.springframework.boot/spring-boot-starter-webflux/2.0.0.RELEASE/e62ffe86d692cc5cc1e1cd5e96c27e524c1bb8fd/spring-boot-starter-webflux-2.0.0.RELEASE.jar:/home/alex/.m2/repository/home/kafka-payload/1.2/kafka-payload-1.2.jar:/home/alex/.gradle/caches/modules-2/files-2.1/org.springframework.kafka/spring-kafka/2.1.4.RELEASE/a3c791ec3fc4948df7450311ecaed03263908fd2/spring-kafka-2.1.4.RELEASE.jar:/home/alex/.gradle/caches/modules-2/files-2.1/org.apache.kafka/kafka-streams/1.0.0/a6c87c367176beb7650eb2df173fd9fe6e38656f/kafka-streams-1.0.0.jar:/home/alex/.gradle/caches/modules-2/files-2.1/javax.xml.bind/jaxb-api/2.2.8/f0287831b3e3550b82b5bd19152d460061859ce6/jaxb-api-2.2.8.jar:/home/alex/.gradle/caches/modules-2/files-2.1/org.springframework.boot/spring-boot-starter-test/2.0.0.RELEASE/4ff0e1d9bd315a4a5867e9c6128691cac8b37348/spring-boot-starter-test-2.0.0.RELEASE.jar:/home/alex/.gradle/caches/modules-2/files-2.1/io.projectreactor/reactor-test/3.1.5.RELEASE/d54acad5cead02ad02821945161724e42389bd7c/reactor-test-3.1.5.RELEASE.jar:/home/alex/.gradle/caches/modules-2/files-2.1/org.springframework.kafka/spring-kafka-test/2.1.4.RELEASE/75f2e32e5298836783cd824b5e4387b92a97b0e/spring-kafka-test-2.1.4.RELEASE.jar:/home/alex/.gradle/caches/modules-2/files-2.1/org.springframework.boot/spring-boot-starter-json/2.0.0.RELEASE/5a09c939d8bd60d7f163c1c0c20a3127ba9fffa/spring-boot-starter-json-2.0.0.RELEASE.jar:/home/alex/.gradle/caches/modules-2/files-2.1/org.springframework.boot/spring-boot-starter/2.0.0.RELEASE/6d7d8e4bf053cd1833f3c7dbce676bc274f0892f/spring-boot-starter-2.0.0.RELEASE.jar:/home/alex/.gradle/caches/modules-2/files-2.1/org.springframework.boot/spring-boot-actuator-autoconfigure/2.0.0.RELEASE/ffaa094aef881dbb30621f6f042dcfec125ffe9/spring-boot-actuator-autoconfigure-2.0.0.RELEASE.jar:/home/alex/.gradle/caches/modules-2/files-2.1/io.micrometer/micrometer-core/1.0.1/698281b5829a16ddea19f3a5d4414d7ece1d3f11/micrometer-core-1.0.1.jar:/home/alex/.gradle/caches/modules-2/files-2.1/org.springframework.boot/spring-boot-starter-reactor-netty/2.0.0.RELEASE/73645f53ad7a9ecac382e15b85f6a04a45615e36/spring-boot-starter-reactor-netty-2.0.0.RELEASE.jar:/home/alex/.gradle/caches/modules-2/files-2.1/org.hibernate.validator/hibernate-validator/6.0.7.Final/8b9d9c7ec8c73963ea0fe81912fc67711a4ef76/hibernate-validator-6.0.7.Final.jar:/home/alex/.gradle/caches/modules-2/files-2.1/org.springframework/spring-webflux/5.0.4.RELEASE/4439ead1f8e413f7ae920704fb35b5b5a8847f1d/spring-webflux-5.0.4.RELEASE.jar:/home/alex/.gradle/caches/modules-2/files-2.1/org.springframework/spring-web/5.0.4.RELEASE/9565bbc67bf1a850a6505deaa5103931712a7b80/spring-web-5.0.4.RELEASE.jar:/home/alex/.gradle/caches/modules-2/files-2.1/org.synchronoss.cloud/nio-multipart-parser/1.1.0/c6c417fec6612584b1c34d4dd98c5a4e47e8c754/nio-multipart-parser-1.1.0.jar:/home/alex/.gradle/caches/modules-2/files-2.1/org.springframework.boot/spring-boot-test-autoconfigure/2.0.0.RELEASE/db0595321e96929d9473cf061f3408972d03c6aa/spring-boot-test-autoconfigure-2.0.0.RELEASE.jar:/home/alex/.gradle/caches/modules-2/files-2.1/org.springframework.boot/spring-boot-test/2.0.0.RELEASE/1565e78c2801bd3c7ece0a8ddc08e5ed53676878/spring-boot-test-2.0.0.RELEASE.jar:/home/alex/.gradle/caches/modules-2/files-2.1/org.springframework.boot/spring-boot-autoconfigure/2.0.0.RELEASE/c89896a469ecf92996ecba40755919896ace5470/spring-boot-autoconfigure-2.0.0.RELEASE.jar:/home/alex/.gradle/caches/modules-2/files-2.1/org.springframework.boot/spring-boot-actuator/2.0.0.RELEASE/309a5d45b09e361d29c9e7d1def644d70a50173b/spring-boot-actuator-2.0.0.RELEASE.jar:/home/alex/.gradle/caches/modules-2/files-2.1/org.springframework.boot/spring-boot/2.0.0.RELEASE/771da2071ff14a47f108642a641c204ae4ef7b15/spring-boot-2.0.0.RELEASE.jar:/home/alex/.gradle/caches/modules-2/files-2.1/org.springframework/spring-context/5.0.4.RELEASE/3e76d08c851113077642c5704f0f94d5ce58e905/spring-context-5.0.4.RELEASE.jar:/home/alex/.gradle/caches/modules-2/files-2.1/org.springframework/spring-messaging/5.0.4.RELEASE/21c0ee684684c50a6b13eaa894b2ceb3860dff12/spring-messaging-5.0.4.RELEASE.jar:/home/alex/.gradle/caches/modules-2/files-2.1/org.springframework/spring-tx/5.0.4.RELEASE/7afc193c5d2b812ee6d2ccaf6fcc81fb83bfb4a7/spring-tx-5.0.4.RELEASE.jar:/home/alex/.gradle/caches/modules-2/files-2.1/org.springframework.retry/spring-retry/1.2.2.RELEASE/638928732585c450e461f0a132b6834ad7cf3af0/spring-retry-1.2.2.RELEASE.jar:/home/alex/.gradle/caches/modules-2/files-2.1/org.apache.kafka/kafka_2.11/1.0.0/c21875affc4842d83c4590d61614fec7f99325b1/kafka_2.11-1.0.0.jar:/home/alex/.gradle/caches/modules-2/files-2.1/org.apache.kafka/kafka_2.11/1.0.0/6be10c39e6d5033c6aca1f64446d205c60b0dd19/kafka_2.11-1.0.0-test.jar:/home/alex/.gradle/caches/modules-2/files-2.1/org.apache.kafka/connect-json/1.0.0/4bcd05d3bcc2f04673407b2c483d783362677f0e/connect-json-1.0.0.jar:/home/alex/.gradle/caches/modules-2/files-2.1/org.apache.kafka/connect-api/1.0.0/ef429b6530db431bf8611aaebe6796fbb72499c/connect-api-1.0.0.jar:/home/alex/.gradle/caches/modules-2/files-2.1/org.apache.kafka/kafka-clients/1.0.0/98a12cfff3a5b7ca77e68aba7adccfd817b2d846/kafka-clients-1.0.0.jar:/home/alex/.gradle/caches/modules-2/files-2.1/org.apache.kafka/kafka-clients/1.0.0/33c05e2e1b33bf68ce5c8bb39b0ba7c2ac0338df/kafka-clients-1.0.0-test.jar:/home/alex/.gradle/caches/modules-2/files-2.1/com.jayway.jsonpath/json-path/2.4.0/765a4401ceb2dc8d40553c2075eb80a8fa35c2ae/json-path-2.4.0.jar:/home/alex/.gradle/caches/modules-2/files-2.1/org.synchronoss.cloud/nio-stream-storage/1.1.3/986dba5f6e5eed20f0dba6ddc8e8a64a9ebdc2f3/nio-stream-storage-1.1.3.jar:/home/alex/.gradle/caches/modules-2/files-2.1/com.yammer.metrics/metrics-core/2.2.0/f82c035cfa786d3cbec362c38c22a5f5b1bc8724/metrics-core-2.2.0.jar:/home/alex/.gradle/caches/modules-2/files-2.1/com.101tec/zkclient/0.10/c54d4b5a5e89af75a80b6d5857400165ce5188d0/zkclient-0.10.jar:/home/alex/.gradle/caches/modules-2/files-2.1/org.springframework.boot/spring-boot-starter-logging/2.0.0.RELEASE/fe939b71659ef1f98a53cce0b5bcf771685cf6a6/spring-boot-starter-logging-2.0.0.RELEASE.jar:/home/alex/.gradle/caches/modules-2/files-2.1/ch.qos.logback/logback-classic/1.2.3/7c4f3c474fb2c041d8028740440937705ebb473a/logback-classic-1.2.3.jar:/home/alex/.gradle/caches/modules-2/files-2.1/org.apache.logging.log4j/log4j-to-slf4j/2.10.0/f7e631ccf49cfc0aefa4a2a728da7d374c05bd3c/log4j-to-slf4j-2.10.0.jar:/home/alex/.gradle/caches/modules-2/files-2.1/org.slf4j/jul-to-slf4j/1.7.25/af5364cd6679bfffb114f0dec8a157aaa283b76/jul-to-slf4j-1.7.25.jar:/home/alex/.gradle/caches/modules-2/files-2.1/org.apache.zookeeper/zookeeper/3.4.10/8eebdbb7a9df83e02eaa42d0e5da0b57bf2e4da/zookeeper-3.4.10.jar:/home/alex/.gradle/caches/modules-2/files-2.1/org.slf4j/slf4j-api/1.7.25/da76ca59f6a57ee3102f8f9bd9cee742973efa8a/slf4j-api-1.7.25.jar:/home/alex/.gradle/caches/modules-2/files-2.1/org.rocksdb/rocksdbjni/5.7.3/421b44ad957a2b6cce5adedc204db551831b553d/rocksdbjni-5.7.3.jar:/home/alex/.gradle/caches/modules-2/files-2.1/com.fasterxml.jackson.datatype/jackson-datatype-jsr310/2.9.4/12d52679a6615c7972ea25bd8ebb60b191fe79b7/jackson-datatype-jsr310-2.9.4.jar:/home/alex/.gradle/caches/modules-2/files-2.1/com.fasterxml.jackson.datatype/jackson-datatype-jdk8/2.9.4/63ac052d52a70a15820d3dc07ea757826fd51d40/jackson-datatype-jdk8-2.9.4.jar:/home/alex/.gradle/caches/modules-2/files-2.1/com.fasterxml.jackson.module/jackson-module-parameter-names/2.9.4/5833c819877c3e85bad847f4d2fa4e70379217c6/jackson-module-parameter-names-2.9.4.jar:/home/alex/.gradle/caches/modules-2/files-2.1/com.fasterxml.jackson.core/jackson-databind/2.9.4/498bbc3b94f566982c7f7c6d4d303fce365529be/jackson-databind-2.9.4.jar:/home/alex/.gradle/caches/modules-2/files-2.1/com.fasterxml.jackson.core/jackson-core/2.9.4/a9a71ec1aa37da47db168fede9a4a5fb5e374320/jackson-core-2.9.4.jar:/home/alex/.gradle/caches/modules-2/files-2.1/junit/junit/4.12/2973d150c0dc1fefe998f834810d68f278ea58ec/junit-4.12.jar:/home/alex/.gradle/caches/modules-2/files-2.1/org.assertj/assertj-core/3.9.1/c5ce126b15f28d56cd8f960c1a6a058b9c9aea87/assertj-core-3.9.1.jar:/home/alex/.gradle/caches/modules-2/files-2.1/org.mockito/mockito-core/2.15.0/b84bfbbc29cd22c9529409627af6ea2897f4fa85/mockito-core-2.15.0.jar:/home/alex/.gradle/caches/modules-2/files-2.1/org.hamcrest/hamcrest-library/1.3/4785a3c21320980282f9f33d0d1264a69040538f/hamcrest-library-1.3.jar:/home/alex/.gradle/caches/modules-2/files-2.1/org.hamcrest/hamcrest-core/1.3/42a25dc3219429f0e5d060061f71acb49bf010a0/hamcrest-core-1.3.jar:/home/alex/.gradle/caches/modules-2/files-2.1/org.skyscreamer/jsonassert/1.5.0/6c9d5fe2f59da598d9aefc1cfc6528ff3cf32df3/jsonassert-1.5.0.jar:/home/alex/.gradle/caches/modules-2/files-2.1/org.springframework/spring-test/5.0.4.RELEASE/3fc10b6535a113593fa8780951465012a7677e21/spring-test-5.0.4.RELEASE.jar:/home/alex/.gradle/caches/modules-2/files-2.1/org.springframework/spring-aop/5.0.4.RELEASE/f8e029e54c0267dadb6b9f713f3feb54ec4f3a0e/spring-aop-5.0.4.RELEASE.jar:/home/alex/.gradle/caches/modules-2/files-2.1/org.springframework/spring-beans/5.0.4.RELEASE/7a8c3d48d4c33621e64d1399721d8e067450fcbd/spring-beans-5.0.4.RELEASE.jar:/home/alex/.gradle/caches/modules-2/files-2.1/org.springframework/spring-expression/5.0.4.RELEASE/4bda161f2e34c1486f2527a23eb47293567f473c/spring-expression-5.0.4.RELEASE.jar:/home/alex/.gradle/caches/modules-2/files-2.1/org.springframework/spring-core/5.0.4.RELEASE/2221a957b5561a34f044350ba4e30ef5870254a3/spring-core-5.0.4.RELEASE.jar:/home/alex/.gradle/caches/modules-2/files-2.1/org.xmlunit/xmlunit-core/2.5.1/4ffdb346572a7356f7521cd3119ce5287d2e339d/xmlunit-core-2.5.1.jar:/home/alex/.gradle/caches/modules-2/files-2.1/io.projectreactor.ipc/reactor-netty/0.7.5.RELEASE/a0153cc761873de10de654a5d3fb580f760d5a79/reactor-netty-0.7.5.RELEASE.jar:/home/alex/.gradle/caches/modules-2/files-2.1/io.projectreactor/reactor-core/3.1.5.RELEASE/bae1d739d0eaf1466ca7d78c4a7b1d0502849658/reactor-core-3.1.5.RELEASE.jar:/home/alex/.gradle/caches/modules-2/files-2.1/javax.annotation/javax.annotation-api/1.3.2/934c04d3cfef185a8008e7bf34331b79730a9d43/javax.annotation-api-1.3.2.jar:/home/alex/.gradle/caches/modules-2/files-2.1/org.yaml/snakeyaml/1.19/2d998d3d674b172a588e54ab619854d073f555b5/snakeyaml-1.19.jar:/home/alex/.gradle/caches/modules-2/files-2.1/org.hdrhistogram/HdrHistogram/2.1.10/9e1ac84eed220281841b75e72fb9de5a297fbf04/HdrHistogram-2.1.10.jar:/home/alex/.gradle/caches/modules-2/files-2.1/org.latencyutils/LatencyUtils/2.0.3/769c0b82cb2421c8256300e907298a9410a2a3d3/LatencyUtils-2.0.3.jar:/home/alex/.gradle/caches/modules-2/files-2.1/javax.validation/validation-api/2.0.1.Final/cb855558e6271b1b32e716d24cb85c7f583ce09e/validation-api-2.0.1.Final.jar:/home/alex/.gradle/caches/modules-2/files-2.1/org.jboss.logging/jboss-logging/3.3.2.Final/3789d00e859632e6c6206adc0c71625559e6e3b0/jboss-logging-3.3.2.Final.jar:/home/alex/.gradle/caches/modules-2/files-2.1/com.fasterxml/classmate/1.3.4/3d5f48f10bbe4eb7bd862f10c0583be2e0053c6/classmate-1.3.4.jar:/home/alex/.gradle/caches/modules-2/files-2.1/org.lz4/lz4-java/1.4/9bedb74f461a87ff2161bdf0778ad8ca6bad3e1c/lz4-java-1.4.jar:/home/alex/.gradle/caches/modules-2/files-2.1/org.xerial.snappy/snappy-java/1.1.4/d94ae6d7d27242eaa4b6c323f881edbb98e48da6/snappy-java-1.1.4.jar:/home/alex/.gradle/caches/modules-2/files-2.1/com.fasterxml.jackson.core/jackson-annotations/2.9.0/7c10d545325e3a6e72e06381afe469fd40eb701/jackson-annotations-2.9.0.jar:/home/alex/.gradle/caches/modules-2/files-2.1/net.minidev/json-smart/2.3/7396407491352ce4fa30de92efb158adb76b5b/json-smart-2.3.jar:/home/alex/.gradle/caches/modules-2/files-2.1/net.bytebuddy/byte-buddy/1.7.10/3c8ec287c0a5bd04b1e3f11723bc46a50346602b/byte-buddy-1.7.10.jar:/home/alex/.gradle/caches/modules-2/files-2.1/net.bytebuddy/byte-buddy-agent/1.7.10/9b092a8fb9112b89f6cb23fc929cfb931b14007b/byte-buddy-agent-1.7.10.jar:/home/alex/.gradle/caches/modules-2/files-2.1/org.objenesis/objenesis/2.6/639033469776fd37c08358c6b92a4761feb2af4b/objenesis-2.6.jar:/home/alex/.gradle/caches/modules-2/files-2.1/com.vaadin.external.google/android-json/0.0.20131108.vaadin1/fa26d351fe62a6a17f5cda1287c1c6110dec413f/android-json-0.0.20131108.vaadin1.jar:/home/alex/.gradle/caches/modules-2/files-2.1/org.springframework/spring-jcl/5.0.4.RELEASE/3053e2bad0a18571bdbb9596ce51f9d458f5934f/spring-jcl-5.0.4.RELEASE.jar:/home/alex/.gradle/caches/modules-2/files-2.1/org.reactivestreams/reactive-streams/1.0.2/323964c36556eb0e6209f65c1cef72b53b461ab8/reactive-streams-1.0.2.jar:/home/alex/.gradle/caches/modules-2/files-2.1/net.sf.jopt-simple/jopt-simple/5.0.4/4fdac2fbe92dfad86aa6e9301736f6b4342a3f5c/jopt-simple-5.0.4.jar:/home/alex/.gradle/caches/modules-2/files-2.1/org.scala-lang/scala-library/2.11.11/e283d2b7fde6504f6a86458b1f6af465353907cc/scala-library-2.11.11.jar:/home/alex/.gradle/caches/modules-2/files-2.1/io.netty/netty-handler-proxy/4.1.22.Final/8eabe24f0b8e95d0873964666ad070179ca81e72/netty-handler-proxy-4.1.22.Final.jar:/home/alex/.gradle/caches/modules-2/files-2.1/io.netty/netty-codec-http/4.1.22.Final/3805f3ca0d57630200defc7f9bb6ed3382dcb10b/netty-codec-http-4.1.22.Final.jar:/home/alex/.gradle/caches/modules-2/files-2.1/io.netty/netty-handler/4.1.22.Final/a3a16b17d5a5ed6f784b0daba95e28d940356109/netty-handler-4.1.22.Final.jar:/home/alex/.gradle/caches/modules-2/files-2.1/io.netty/netty-transport-native-epoll/4.1.22.Final/8d2149a9381fe8e38c44a9433d752aaa060bd4d3/netty-transport-native-epoll-4.1.22.Final.jar:/home/alex/.gradle/caches/modules-2/files-2.1/net.minidev/accessors-smart/1.2/c592b500269bfde36096641b01238a8350f8aa31/accessors-smart-1.2.jar:/home/alex/.gradle/caches/modules-2/files-2.1/ch.qos.logback/logback-core/1.2.3/864344400c3d4d92dfeb0a305dc87d953677c03c/logback-core-1.2.3.jar:/home/alex/.gradle/caches/modules-2/files-2.1/org.apache.logging.log4j/log4j-api/2.10.0/fec5797a55b786184a537abd39c3fa1449d752d6/log4j-api-2.10.0.jar:/home/alex/.gradle/caches/modules-2/files-2.1/io.netty/netty-codec-socks/4.1.22.Final/d077b39da2dedc5dc5db50a44e5f4c30353e86f3/netty-codec-socks-4.1.22.Final.jar:/home/alex/.gradle/caches/modules-2/files-2.1/io.netty/netty-codec/4.1.22.Final/239c0af275952e70bb4adf7cf8c03d88ddc394c9/netty-codec-4.1.22.Final.jar:/home/alex/.gradle/caches/modules-2/files-2.1/io.netty/netty-transport-native-unix-common/4.1.22.Final/6bacdbb3711aa9db2984da0b0ed7c5bc838136d2/netty-transport-native-unix-common-4.1.22.Final.jar:/home/alex/.gradle/caches/modules-2/files-2.1/io.netty/netty-transport/4.1.22.Final/3bd455cd9e5e5fb2e08fd9cd0acfa54c079ca989/netty-transport-4.1.22.Final.jar:/home/alex/.gradle/caches/modules-2/files-2.1/io.netty/netty-buffer/4.1.22.Final/15e964a2095031364f534a6e21977f5ee9ca32a9/netty-buffer-4.1.22.Final.jar:/home/alex/.gradle/caches/modules-2/files-2.1/io.netty/netty-resolver/4.1.22.Final/b5484d17a97cb57b07d2a1ac092c249e47234c17/netty-resolver-4.1.22.Final.jar:/home/alex/.gradle/caches/modules-2/files-2.1/io.netty/netty-common/4.1.22.Final/56ff4deca53fc791ed59ac2b72eb6718714a4de9/netty-common-4.1.22.Final.jar:/home/alex/.gradle/caches/modules-2/files-2.1/org.ow2.asm/asm/5.0.4/da08b8cce7bbf903602a25a3a163ae252435795/asm-5.0.4.jar:/home/alex/.gradle/caches/modules-2/files-2.1/log4j/log4j/1.2.16/7999a63bfccbc7c247a9aea10d83d4272bd492c6/log4j-1.2.16.jar
09:06:20.061 [Test worker] INFO org.apache.zookeeper.ZooKeeper - Client environment:java.library.path=/usr/java/packages/lib:/usr/lib64:/lib64:/lib:/usr/lib
09:06:20.061 [Test worker] INFO org.apache.zookeeper.ZooKeeper - Client environment:java.io.tmpdir=/tmp
09:06:20.061 [Test worker] INFO org.apache.zookeeper.ZooKeeper - Client environment:java.compiler=<NA>
09:06:20.061 [Test worker] INFO org.apache.zookeeper.ZooKeeper - Client environment:os.name=Linux
09:06:20.061 [Test worker] INFO org.apache.zookeeper.ZooKeeper - Client environment:os.arch=amd64
09:06:20.061 [Test worker] INFO org.apache.zookeeper.ZooKeeper - Client environment:os.version=4.14.27-1-MANJARO
09:06:20.061 [Test worker] INFO org.apache.zookeeper.ZooKeeper - Client environment:user.name=alex
09:06:20.061 [Test worker] INFO org.apache.zookeeper.ZooKeeper - Client environment:user.home=/home/alex
09:06:20.061 [Test worker] INFO org.apache.zookeeper.ZooKeeper - Client environment:user.dir=/home/alex/src/tetralog-examples/kafka-consumer-earning
09:06:20.062 [Test worker] INFO org.apache.zookeeper.ZooKeeper - Initiating client connection, connectString=127.0.0.1:46253 sessionTimeout=6000 watcher=org.I0Itec.zkclient.ZkClient@1fccca34
09:06:20.063 [Test worker] DEBUG org.apache.zookeeper.ClientCnxn - zookeeper.disableAutoWatchReset is false
09:06:20.067 [Test worker] DEBUG org.I0Itec.zkclient.ZkClient - Awaiting connection to Zookeeper server
09:06:20.067 [Test worker] INFO org.I0Itec.zkclient.ZkClient - Waiting for keeper state SyncConnected
09:06:20.069 [Test worker-SendThread(127.0.0.1:46253)] INFO org.apache.zookeeper.ClientCnxn - Opening socket connection to server 127.0.0.1/127.0.0.1:46253. Will not attempt to authenticate using SASL (unknown error)
09:06:20.070 [Test worker-SendThread(127.0.0.1:46253)] INFO org.apache.zookeeper.ClientCnxn - Socket connection established to 127.0.0.1/127.0.0.1:46253, initiating session
09:06:20.070 [NIOServerCxn.Factory:/127.0.0.1:0] INFO org.apache.zookeeper.server.NIOServerCnxnFactory - Accepted socket connection from /127.0.0.1:58074
09:06:20.072 [Test worker-SendThread(127.0.0.1:46253)] DEBUG org.apache.zookeeper.ClientCnxn - Session establishment request sent on 127.0.0.1/127.0.0.1:46253
09:06:20.075 [NIOServerCxn.Factory:/127.0.0.1:0] DEBUG org.apache.zookeeper.server.ZooKeeperServer - Session establishment request from client /127.0.0.1:58074 client's lastZxid is 0x0
09:06:20.076 [NIOServerCxn.Factory:/127.0.0.1:0] INFO org.apache.zookeeper.server.ZooKeeperServer - Client attempting to establish new session at /127.0.0.1:58074
09:06:20.079 [SyncThread:0] INFO org.apache.zookeeper.server.persistence.FileTxnLog - Creating new log file: log.1
09:06:20.080 [SyncThread:0] DEBUG org.apache.zookeeper.server.FinalRequestProcessor - Processing request:: sessionid:0x1624798348d0000 type:createSession cxid:0x0 zxid:0x1 txntype:-10 reqpath:n/a
09:06:20.082 [SyncThread:0] DEBUG org.apache.zookeeper.server.FinalRequestProcessor - sessionid:0x1624798348d0000 type:createSession cxid:0x0 zxid:0x1 txntype:-10 reqpath:n/a
09:06:20.084 [SyncThread:0] INFO org.apache.zookeeper.server.ZooKeeperServer - Established session 0x1624798348d0000 with negotiated timeout 6000 for client /127.0.0.1:58074
09:06:20.085 [Test worker-SendThread(127.0.0.1:46253)] INFO org.apache.zookeeper.ClientCnxn - Session establishment complete on server 127.0.0.1/127.0.0.1:46253, sessionid = 0x1624798348d0000, negotiated timeout = 6000
09:06:20.087 [Test worker-EventThread] DEBUG org.I0Itec.zkclient.ZkClient - Received event: WatchedEvent state:SyncConnected type:None path:null
09:06:20.087 [Test worker-EventThread] INFO org.I0Itec.zkclient.ZkClient - zookeeper state changed (SyncConnected)
09:06:20.087 [Test worker-EventThread] DEBUG org.I0Itec.zkclient.ZkClient - Leaving process event
09:06:20.087 [Test worker] DEBUG org.I0Itec.zkclient.ZkClient - State is SyncConnected
09:06:20.196 [Test worker] INFO kafka.server.KafkaConfig - KafkaConfig values: 
	advertised.host.name = null
	advertised.listeners = null
	advertised.port = null
	alter.config.policy.class.name = null
	authorizer.class.name = 
	auto.create.topics.enable = true
	auto.leader.rebalance.enable = true
	background.threads = 10
	broker.id = 0
	broker.id.generation.enable = true
	broker.rack = null
	compression.type = producer
	connections.max.idle.ms = 600000
	controlled.shutdown.enable = true
	controlled.shutdown.max.retries = 3
	controlled.shutdown.retry.backoff.ms = 100
	controller.socket.timeout.ms = 1000
	create.topic.policy.class.name = null
	default.replication.factor = 1
	delete.records.purgatory.purge.interval.requests = 1
	delete.topic.enable = true
	fetch.purgatory.purge.interval.requests = 1000
	group.initial.rebalance.delay.ms = 0
	group.max.session.timeout.ms = 300000
	group.min.session.timeout.ms = 6000
	host.name = 
	inter.broker.listener.name = null
	inter.broker.protocol.version = 1.0-IV0
	leader.imbalance.check.interval.seconds = 300
	leader.imbalance.per.broker.percentage = 10
	listener.security.protocol.map = PLAINTEXT:PLAINTEXT,SSL:SSL,SASL_PLAINTEXT:SASL_PLAINTEXT,SASL_SSL:SASL_SSL
	listeners = PLAINTEXT://localhost:0
	log.cleaner.backoff.ms = 15000
	log.cleaner.dedupe.buffer.size = 2097152
	log.cleaner.delete.retention.ms = 86400000
	log.cleaner.enable = true
	log.cleaner.io.buffer.load.factor = 0.9
	log.cleaner.io.buffer.size = 524288
	log.cleaner.io.max.bytes.per.second = 1.7976931348623157E308
	log.cleaner.min.cleanable.ratio = 0.5
	log.cleaner.min.compaction.lag.ms = 0
	log.cleaner.threads = 1
	log.cleanup.policy = [delete]
	log.dir = /tmp/kafka-16223251101292506653
	log.dirs = null
	log.flush.interval.messages = 9223372036854775807
	log.flush.interval.ms = null
	log.flush.offset.checkpoint.interval.ms = 60000
	log.flush.scheduler.interval.ms = 9223372036854775807
	log.flush.start.offset.checkpoint.interval.ms = 60000
	log.index.interval.bytes = 4096
	log.index.size.max.bytes = 10485760
	log.message.format.version = 1.0-IV0
	log.message.timestamp.difference.max.ms = 9223372036854775807
	log.message.timestamp.type = CreateTime
	log.preallocate = false
	log.retention.bytes = -1
	log.retention.check.interval.ms = 300000
	log.retention.hours = 168
	log.retention.minutes = null
	log.retention.ms = null
	log.roll.hours = 168
	log.roll.jitter.hours = 0
	log.roll.jitter.ms = null
	log.roll.ms = null
	log.segment.bytes = 1073741824
	log.segment.delete.delay.ms = 1000
	max.connections.per.ip = 2147483647
	max.connections.per.ip.overrides = 
	message.max.bytes = 1000012
	metric.reporters = []
	metrics.num.samples = 2
	metrics.recording.level = INFO
	metrics.sample.window.ms = 30000
	min.insync.replicas = 1
	num.io.threads = 8
	num.network.threads = 3
	num.partitions = 1
	num.recovery.threads.per.data.dir = 1
	num.replica.fetchers = 1
	offset.metadata.max.bytes = 4096
	offsets.commit.required.acks = -1
	offsets.commit.timeout.ms = 5000
	offsets.load.buffer.size = 5242880
	offsets.retention.check.interval.ms = 600000
	offsets.retention.minutes = 1440
	offsets.topic.compression.codec = 0
	offsets.topic.num.partitions = 5
	offsets.topic.replication.factor = 1
	offsets.topic.segment.bytes = 104857600
	port = 9092
	principal.builder.class = null
	producer.purgatory.purge.interval.requests = 1000
	queued.max.request.bytes = -1
	queued.max.requests = 500
	quota.consumer.default = 9223372036854775807
	quota.producer.default = 9223372036854775807
	quota.window.num = 11
	quota.window.size.seconds = 1
	replica.fetch.backoff.ms = 1000
	replica.fetch.max.bytes = 1048576
	replica.fetch.min.bytes = 1
	replica.fetch.response.max.bytes = 10485760
	replica.fetch.wait.max.ms = 500
	replica.high.watermark.checkpoint.interval.ms = 5000
	replica.lag.time.max.ms = 10000
	replica.socket.receive.buffer.bytes = 65536
	replica.socket.timeout.ms = 1000
	replication.quota.window.num = 11
	replication.quota.window.size.seconds = 1
	request.timeout.ms = 30000
	reserved.broker.max.id = 1000
	sasl.enabled.mechanisms = [GSSAPI]
	sasl.kerberos.kinit.cmd = /usr/bin/kinit
	sasl.kerberos.min.time.before.relogin = 60000
	sasl.kerberos.principal.to.local.rules = [DEFAULT]
	sasl.kerberos.service.name = null
	sasl.kerberos.ticket.renew.jitter = 0.05
	sasl.kerberos.ticket.renew.window.factor = 0.8
	sasl.mechanism.inter.broker.protocol = GSSAPI
	security.inter.broker.protocol = PLAINTEXT
	socket.receive.buffer.bytes = 102400
	socket.request.max.bytes = 104857600
	socket.send.buffer.bytes = 102400
	ssl.cipher.suites = null
	ssl.client.auth = none
	ssl.enabled.protocols = [TLSv1.2, TLSv1.1, TLSv1]
	ssl.endpoint.identification.algorithm = null
	ssl.key.password = null
	ssl.keymanager.algorithm = SunX509
	ssl.keystore.location = null
	ssl.keystore.password = null
	ssl.keystore.type = JKS
	ssl.protocol = TLS
	ssl.provider = null
	ssl.secure.random.implementation = null
	ssl.trustmanager.algorithm = PKIX
	ssl.truststore.location = null
	ssl.truststore.password = null
	ssl.truststore.type = JKS
	transaction.abort.timed.out.transaction.cleanup.interval.ms = 60000
	transaction.max.timeout.ms = 900000
	transaction.remove.expired.transaction.cleanup.interval.ms = 3600000
	transaction.state.log.load.buffer.size = 5242880
	transaction.state.log.min.isr = 2
	transaction.state.log.num.partitions = 50
	transaction.state.log.replication.factor = 3
	transaction.state.log.segment.bytes = 104857600
	transactional.id.expiration.ms = 604800000
	unclean.leader.election.enable = false
	zookeeper.connect = 127.0.0.1:46253
	zookeeper.connection.timeout.ms = 10000
	zookeeper.session.timeout.ms = 6000
	zookeeper.set.acl = false
	zookeeper.sync.time.ms = 2000

09:06:20.267 [Test worker] DEBUG org.I0Itec.zkclient.ZkConnection - Creating new ZookKeeper instance to connect to 127.0.0.1:46253.
09:06:20.267 [Test worker] INFO org.apache.zookeeper.ZooKeeper - Initiating client connection, connectString=127.0.0.1:46253 sessionTimeout=6000 watcher=org.I0Itec.zkclient.ZkClient@26a03795
09:06:20.267 [ZkClient-EventThread-35-127.0.0.1:46253] INFO org.I0Itec.zkclient.ZkEventThread - Starting ZkClient event thread.
09:06:20.267 [Test worker] DEBUG org.I0Itec.zkclient.ZkClient - Awaiting connection to Zookeeper server
09:06:20.267 [Test worker] INFO org.I0Itec.zkclient.ZkClient - Waiting for keeper state SyncConnected
09:06:20.267 [Test worker-SendThread(127.0.0.1:46253)] INFO org.apache.zookeeper.ClientCnxn - Opening socket connection to server 127.0.0.1/127.0.0.1:46253. Will not attempt to authenticate using SASL (unknown error)
09:06:20.268 [Test worker-SendThread(127.0.0.1:46253)] INFO org.apache.zookeeper.ClientCnxn - Socket connection established to 127.0.0.1/127.0.0.1:46253, initiating session
09:06:20.268 [NIOServerCxn.Factory:/127.0.0.1:0] INFO org.apache.zookeeper.server.NIOServerCnxnFactory - Accepted socket connection from /127.0.0.1:58076
09:06:20.268 [Test worker-SendThread(127.0.0.1:46253)] DEBUG org.apache.zookeeper.ClientCnxn - Session establishment request sent on 127.0.0.1/127.0.0.1:46253
09:06:20.268 [NIOServerCxn.Factory:/127.0.0.1:0] DEBUG org.apache.zookeeper.server.ZooKeeperServer - Session establishment request from client /127.0.0.1:58076 client's lastZxid is 0x0
09:06:20.269 [NIOServerCxn.Factory:/127.0.0.1:0] INFO org.apache.zookeeper.server.ZooKeeperServer - Client attempting to establish new session at /127.0.0.1:58076
09:06:20.269 [SyncThread:0] DEBUG org.apache.zookeeper.server.FinalRequestProcessor - Processing request:: sessionid:0x1624798348d0001 type:createSession cxid:0x0 zxid:0x2 txntype:-10 reqpath:n/a
09:06:20.269 [SyncThread:0] DEBUG org.apache.zookeeper.server.FinalRequestProcessor - sessionid:0x1624798348d0001 type:createSession cxid:0x0 zxid:0x2 txntype:-10 reqpath:n/a
09:06:20.270 [SyncThread:0] INFO org.apache.zookeeper.server.ZooKeeperServer - Established session 0x1624798348d0001 with negotiated timeout 6000 for client /127.0.0.1:58076
09:06:20.270 [Test worker-SendThread(127.0.0.1:46253)] INFO org.apache.zookeeper.ClientCnxn - Session establishment complete on server 127.0.0.1/127.0.0.1:46253, sessionid = 0x1624798348d0001, negotiated timeout = 6000
09:06:20.270 [Test worker-EventThread] DEBUG org.I0Itec.zkclient.ZkClient - Received event: WatchedEvent state:SyncConnected type:None path:null
09:06:20.271 [Test worker-EventThread] INFO org.I0Itec.zkclient.ZkClient - zookeeper state changed (SyncConnected)
09:06:20.271 [Test worker-EventThread] DEBUG org.I0Itec.zkclient.ZkClient - Leaving process event
09:06:20.271 [Test worker] DEBUG org.I0Itec.zkclient.ZkClient - State is SyncConnected
09:06:20.283 [SyncThread:0] DEBUG org.apache.zookeeper.server.FinalRequestProcessor - Processing request:: sessionid:0x1624798348d0001 type:exists cxid:0x1 zxid:0xfffffffffffffffe txntype:unknown reqpath:/consumers
09:06:20.283 [SyncThread:0] DEBUG org.apache.zookeeper.server.FinalRequestProcessor - sessionid:0x1624798348d0001 type:exists cxid:0x1 zxid:0xfffffffffffffffe txntype:unknown reqpath:/consumers
09:06:20.288 [Test worker-SendThread(127.0.0.1:46253)] DEBUG org.apache.zookeeper.ClientCnxn - Reading reply sessionid:0x1624798348d0001, packet:: clientPath:null serverPath:null finished:false header:: 1,3  replyHeader:: 1,2,-101  request:: '/consumers,F  response::  
09:06:20.291 [SyncThread:0] DEBUG org.apache.zookeeper.server.FinalRequestProcessor - Processing request:: sessionid:0x1624798348d0001 type:exists cxid:0x2 zxid:0xfffffffffffffffe txntype:unknown reqpath:/
09:06:20.291 [SyncThread:0] DEBUG org.apache.zookeeper.server.FinalRequestProcessor - sessionid:0x1624798348d0001 type:exists cxid:0x2 zxid:0xfffffffffffffffe txntype:unknown reqpath:/
09:06:20.293 [Test worker-SendThread(127.0.0.1:46253)] DEBUG org.apache.zookeeper.ClientCnxn - Reading reply sessionid:0x1624798348d0001, packet:: clientPath:null serverPath:null finished:false header:: 2,3  replyHeader:: 2,2,0  request:: '/,F  response:: s{0,0,0,0,0,-1,0,0,0,1,0} 
09:06:20.298 [SyncThread:0] DEBUG org.apache.zookeeper.server.FinalRequestProcessor - Processing request:: sessionid:0x1624798348d0001 type:create cxid:0x3 zxid:0x3 txntype:1 reqpath:n/a
09:06:20.299 [SyncThread:0] DEBUG org.apache.zookeeper.server.FinalRequestProcessor - sessionid:0x1624798348d0001 type:create cxid:0x3 zxid:0x3 txntype:1 reqpath:n/a
09:06:20.300 [Test worker-SendThread(127.0.0.1:46253)] DEBUG org.apache.zookeeper.ClientCnxn - Reading reply sessionid:0x1624798348d0001, packet:: clientPath:null serverPath:null finished:false header:: 3,1  replyHeader:: 3,3,0  request:: '/consumers,,v{s{31,s{'world,'anyone}}},0  response:: '/consumers 
09:06:20.301 [SyncThread:0] DEBUG org.apache.zookeeper.server.FinalRequestProcessor - Processing request:: sessionid:0x1624798348d0001 type:exists cxid:0x4 zxid:0xfffffffffffffffe txntype:unknown reqpath:/brokers/ids
09:06:20.302 [SyncThread:0] DEBUG org.apache.zookeeper.server.FinalRequestProcessor - sessionid:0x1624798348d0001 type:exists cxid:0x4 zxid:0xfffffffffffffffe txntype:unknown reqpath:/brokers/ids
09:06:20.302 [Test worker-SendThread(127.0.0.1:46253)] DEBUG org.apache.zookeeper.ClientCnxn - Reading reply sessionid:0x1624798348d0001, packet:: clientPath:null serverPath:null finished:false header:: 4,3  replyHeader:: 4,3,-101  request:: '/brokers/ids,F  response::  
09:06:20.304 [ProcessThread(sid:0 cport:46253):] INFO org.apache.zookeeper.server.PrepRequestProcessor - Got user-level KeeperException when processing sessionid:0x1624798348d0001 type:create cxid:0x5 zxid:0x4 txntype:-1 reqpath:n/a Error Path:/brokers Error:KeeperErrorCode = NoNode for /brokers
09:06:20.304 [SyncThread:0] DEBUG org.apache.zookeeper.server.FinalRequestProcessor - Processing request:: sessionid:0x1624798348d0001 type:create cxid:0x5 zxid:0x4 txntype:-1 reqpath:n/a
09:06:20.304 [SyncThread:0] DEBUG org.apache.zookeeper.server.DataTree - Ignoring processTxn failure hdr: -1 : error: -101
09:06:20.305 [Test worker-SendThread(127.0.0.1:46253)] DEBUG org.apache.zookeeper.ClientCnxn - Reading reply sessionid:0x1624798348d0001, packet:: clientPath:null serverPath:null finished:false header:: 5,1  replyHeader:: 5,4,-101  request:: '/brokers/ids,,v{s{31,s{'world,'anyone}}},0  response::  
09:06:20.306 [SyncThread:0] DEBUG org.apache.zookeeper.server.FinalRequestProcessor - Processing request:: sessionid:0x1624798348d0001 type:create cxid:0x6 zxid:0x5 txntype:1 reqpath:n/a
09:06:20.307 [SyncThread:0] DEBUG org.apache.zookeeper.server.FinalRequestProcessor - sessionid:0x1624798348d0001 type:create cxid:0x6 zxid:0x5 txntype:1 reqpath:n/a
09:06:20.308 [Test worker-SendThread(127.0.0.1:46253)] DEBUG org.apache.zookeeper.ClientCnxn - Reading reply sessionid:0x1624798348d0001, packet:: clientPath:null serverPath:null finished:false header:: 6,1  replyHeader:: 6,5,0  request:: '/brokers,,v{s{31,s{'world,'anyone}}},0  response:: '/brokers 
09:06:20.308 [SyncThread:0] DEBUG org.apache.zookeeper.server.FinalRequestProcessor - Processing request:: sessionid:0x1624798348d0001 type:create cxid:0x7 zxid:0x6 txntype:1 reqpath:n/a
09:06:20.308 [SyncThread:0] DEBUG org.apache.zookeeper.server.FinalRequestProcessor - sessionid:0x1624798348d0001 type:create cxid:0x7 zxid:0x6 txntype:1 reqpath:n/a
09:06:20.309 [Test worker-SendThread(127.0.0.1:46253)] DEBUG org.apache.zookeeper.ClientCnxn - Reading reply sessionid:0x1624798348d0001, packet:: clientPath:null serverPath:null finished:false header:: 7,1  replyHeader:: 7,6,0  request:: '/brokers/ids,,v{s{31,s{'world,'anyone}}},0  response:: '/brokers/ids 
09:06:20.309 [SyncThread:0] DEBUG org.apache.zookeeper.server.FinalRequestProcessor - Processing request:: sessionid:0x1624798348d0001 type:exists cxid:0x8 zxid:0xfffffffffffffffe txntype:unknown reqpath:/brokers/topics
09:06:20.309 [SyncThread:0] DEBUG org.apache.zookeeper.server.FinalRequestProcessor - sessionid:0x1624798348d0001 type:exists cxid:0x8 zxid:0xfffffffffffffffe txntype:unknown reqpath:/brokers/topics
09:06:20.310 [Test worker-SendThread(127.0.0.1:46253)] DEBUG org.apache.zookeeper.ClientCnxn - Reading reply sessionid:0x1624798348d0001, packet:: clientPath:null serverPath:null finished:false header:: 8,3  replyHeader:: 8,6,-101  request:: '/brokers/topics,F  response::  
09:06:20.311 [SyncThread:0] DEBUG org.apache.zookeeper.server.FinalRequestProcessor - Processing request:: sessionid:0x1624798348d0001 type:create cxid:0x9 zxid:0x7 txntype:1 reqpath:n/a
09:06:20.311 [SyncThread:0] DEBUG org.apache.zookeeper.server.FinalRequestProcessor - sessionid:0x1624798348d0001 type:create cxid:0x9 zxid:0x7 txntype:1 reqpath:n/a
09:06:20.312 [Test worker-SendThread(127.0.0.1:46253)] DEBUG org.apache.zookeeper.ClientCnxn - Reading reply sessionid:0x1624798348d0001, packet:: clientPath:null serverPath:null finished:false header:: 9,1  replyHeader:: 9,7,0  request:: '/brokers/topics,,v{s{31,s{'world,'anyone}}},0  response:: '/brokers/topics 
09:06:20.312 [SyncThread:0] DEBUG org.apache.zookeeper.server.FinalRequestProcessor - Processing request:: sessionid:0x1624798348d0001 type:exists cxid:0xa zxid:0xfffffffffffffffe txntype:unknown reqpath:/config/changes
09:06:20.312 [SyncThread:0] DEBUG org.apache.zookeeper.server.FinalRequestProcessor - sessionid:0x1624798348d0001 type:exists cxid:0xa zxid:0xfffffffffffffffe txntype:unknown reqpath:/config/changes
09:06:20.314 [Test worker-SendThread(127.0.0.1:46253)] DEBUG org.apache.zookeeper.ClientCnxn - Reading reply sessionid:0x1624798348d0001, packet:: clientPath:null serverPath:null finished:false header:: 10,3  replyHeader:: 10,7,-101  request:: '/config/changes,F  response::  
09:06:20.315 [ProcessThread(sid:0 cport:46253):] INFO org.apache.zookeeper.server.PrepRequestProcessor - Got user-level KeeperException when processing sessionid:0x1624798348d0001 type:create cxid:0xb zxid:0x8 txntype:-1 reqpath:n/a Error Path:/config Error:KeeperErrorCode = NoNode for /config
09:06:20.315 [SyncThread:0] DEBUG org.apache.zookeeper.server.FinalRequestProcessor - Processing request:: sessionid:0x1624798348d0001 type:create cxid:0xb zxid:0x8 txntype:-1 reqpath:n/a
09:06:20.315 [SyncThread:0] DEBUG org.apache.zookeeper.server.DataTree - Ignoring processTxn failure hdr: -1 : error: -101
09:06:20.316 [Test worker-SendThread(127.0.0.1:46253)] DEBUG org.apache.zookeeper.ClientCnxn - Reading reply sessionid:0x1624798348d0001, packet:: clientPath:null serverPath:null finished:false header:: 11,1  replyHeader:: 11,8,-101  request:: '/config/changes,,v{s{31,s{'world,'anyone}}},0  response::  
09:06:20.317 [SyncThread:0] DEBUG org.apache.zookeeper.server.FinalRequestProcessor - Processing request:: sessionid:0x1624798348d0001 type:create cxid:0xc zxid:0x9 txntype:1 reqpath:n/a
09:06:20.317 [SyncThread:0] DEBUG org.apache.zookeeper.server.FinalRequestProcessor - sessionid:0x1624798348d0001 type:create cxid:0xc zxid:0x9 txntype:1 reqpath:n/a
09:06:20.317 [Test worker-SendThread(127.0.0.1:46253)] DEBUG org.apache.zookeeper.ClientCnxn - Reading reply sessionid:0x1624798348d0001, packet:: clientPath:null serverPath:null finished:false header:: 12,1  replyHeader:: 12,9,0  request:: '/config,,v{s{31,s{'world,'anyone}}},0  response:: '/config 
09:06:20.318 [SyncThread:0] DEBUG org.apache.zookeeper.server.FinalRequestProcessor - Processing request:: sessionid:0x1624798348d0001 type:create cxid:0xd zxid:0xa txntype:1 reqpath:n/a
09:06:20.318 [SyncThread:0] DEBUG org.apache.zookeeper.server.FinalRequestProcessor - sessionid:0x1624798348d0001 type:create cxid:0xd zxid:0xa txntype:1 reqpath:n/a
09:06:20.319 [Test worker-SendThread(127.0.0.1:46253)] DEBUG org.apache.zookeeper.ClientCnxn - Reading reply sessionid:0x1624798348d0001, packet:: clientPath:null serverPath:null finished:false header:: 13,1  replyHeader:: 13,10,0  request:: '/config/changes,,v{s{31,s{'world,'anyone}}},0  response:: '/config/changes 
09:06:20.319 [SyncThread:0] DEBUG org.apache.zookeeper.server.FinalRequestProcessor - Processing request:: sessionid:0x1624798348d0001 type:exists cxid:0xe zxid:0xfffffffffffffffe txntype:unknown reqpath:/config/topics
09:06:20.319 [SyncThread:0] DEBUG org.apache.zookeeper.server.FinalRequestProcessor - sessionid:0x1624798348d0001 type:exists cxid:0xe zxid:0xfffffffffffffffe txntype:unknown reqpath:/config/topics
09:06:20.320 [Test worker-SendThread(127.0.0.1:46253)] DEBUG org.apache.zookeeper.ClientCnxn - Reading reply sessionid:0x1624798348d0001, packet:: clientPath:null serverPath:null finished:false header:: 14,3  replyHeader:: 14,10,-101  request:: '/config/topics,F  response::  
09:06:20.321 [SyncThread:0] DEBUG org.apache.zookeeper.server.FinalRequestProcessor - Processing request:: sessionid:0x1624798348d0001 type:create cxid:0xf zxid:0xb txntype:1 reqpath:n/a
09:06:20.321 [SyncThread:0] DEBUG org.apache.zookeeper.server.FinalRequestProcessor - sessionid:0x1624798348d0001 type:create cxid:0xf zxid:0xb txntype:1 reqpath:n/a
09:06:20.322 [Test worker-SendThread(127.0.0.1:46253)] DEBUG org.apache.zookeeper.ClientCnxn - Reading reply sessionid:0x1624798348d0001, packet:: clientPath:null serverPath:null finished:false header:: 15,1  replyHeader:: 15,11,0  request:: '/config/topics,,v{s{31,s{'world,'anyone}}},0  response:: '/config/topics 
09:06:20.322 [SyncThread:0] DEBUG org.apache.zookeeper.server.FinalRequestProcessor - Processing request:: sessionid:0x1624798348d0001 type:exists cxid:0x10 zxid:0xfffffffffffffffe txntype:unknown reqpath:/config/clients
09:06:20.322 [SyncThread:0] DEBUG org.apache.zookeeper.server.FinalRequestProcessor - sessionid:0x1624798348d0001 type:exists cxid:0x10 zxid:0xfffffffffffffffe txntype:unknown reqpath:/config/clients
09:06:20.323 [Test worker-SendThread(127.0.0.1:46253)] DEBUG org.apache.zookeeper.ClientCnxn - Reading reply sessionid:0x1624798348d0001, packet:: clientPath:null serverPath:null finished:false header:: 16,3  replyHeader:: 16,11,-101  request:: '/config/clients,F  response::  
09:06:20.323 [SyncThread:0] DEBUG org.apache.zookeeper.server.FinalRequestProcessor - Processing request:: sessionid:0x1624798348d0001 type:create cxid:0x11 zxid:0xc txntype:1 reqpath:n/a
09:06:20.324 [SyncThread:0] DEBUG org.apache.zookeeper.server.FinalRequestProcessor - sessionid:0x1624798348d0001 type:create cxid:0x11 zxid:0xc txntype:1 reqpath:n/a
09:06:20.324 [Test worker-SendThread(127.0.0.1:46253)] DEBUG org.apache.zookeeper.ClientCnxn - Reading reply sessionid:0x1624798348d0001, packet:: clientPath:null serverPath:null finished:false header:: 17,1  replyHeader:: 17,12,0  request:: '/config/clients,,v{s{31,s{'world,'anyone}}},0  response:: '/config/clients 
09:06:20.325 [SyncThread:0] DEBUG org.apache.zookeeper.server.FinalRequestProcessor - Processing request:: sessionid:0x1624798348d0001 type:exists cxid:0x12 zxid:0xfffffffffffffffe txntype:unknown reqpath:/admin/delete_topics
09:06:20.325 [SyncThread:0] DEBUG org.apache.zookeeper.server.FinalRequestProcessor - sessionid:0x1624798348d0001 type:exists cxid:0x12 zxid:0xfffffffffffffffe txntype:unknown reqpath:/admin/delete_topics
09:06:20.326 [Test worker-SendThread(127.0.0.1:46253)] DEBUG org.apache.zookeeper.ClientCnxn - Reading reply sessionid:0x1624798348d0001, packet:: clientPath:null serverPath:null finished:false header:: 18,3  replyHeader:: 18,12,-101  request:: '/admin/delete_topics,F  response::  
09:06:20.326 [ProcessThread(sid:0 cport:46253):] INFO org.apache.zookeeper.server.PrepRequestProcessor - Got user-level KeeperException when processing sessionid:0x1624798348d0001 type:create cxid:0x13 zxid:0xd txntype:-1 reqpath:n/a Error Path:/admin Error:KeeperErrorCode = NoNode for /admin
09:06:20.326 [SyncThread:0] DEBUG org.apache.zookeeper.server.FinalRequestProcessor - Processing request:: sessionid:0x1624798348d0001 type:create cxid:0x13 zxid:0xd txntype:-1 reqpath:n/a
09:06:20.326 [SyncThread:0] DEBUG org.apache.zookeeper.server.DataTree - Ignoring processTxn failure hdr: -1 : error: -101
09:06:20.327 [Test worker-SendThread(127.0.0.1:46253)] DEBUG org.apache.zookeeper.ClientCnxn - Reading reply sessionid:0x1624798348d0001, packet:: clientPath:null serverPath:null finished:false header:: 19,1  replyHeader:: 19,13,-101  request:: '/admin/delete_topics,,v{s{31,s{'world,'anyone}}},0  response::  
09:06:20.327 [SyncThread:0] DEBUG org.apache.zookeeper.server.FinalRequestProcessor - Processing request:: sessionid:0x1624798348d0001 type:create cxid:0x14 zxid:0xe txntype:1 reqpath:n/a
09:06:20.328 [SyncThread:0] DEBUG org.apache.zookeeper.server.FinalRequestProcessor - sessionid:0x1624798348d0001 type:create cxid:0x14 zxid:0xe txntype:1 reqpath:n/a
09:06:20.328 [Test worker-SendThread(127.0.0.1:46253)] DEBUG org.apache.zookeeper.ClientCnxn - Reading reply sessionid:0x1624798348d0001, packet:: clientPath:null serverPath:null finished:false header:: 20,1  replyHeader:: 20,14,0  request:: '/admin,,v{s{31,s{'world,'anyone}}},0  response:: '/admin 
09:06:20.329 [SyncThread:0] DEBUG org.apache.zookeeper.server.FinalRequestProcessor - Processing request:: sessionid:0x1624798348d0001 type:create cxid:0x15 zxid:0xf txntype:1 reqpath:n/a
09:06:20.329 [SyncThread:0] DEBUG org.apache.zookeeper.server.FinalRequestProcessor - sessionid:0x1624798348d0001 type:create cxid:0x15 zxid:0xf txntype:1 reqpath:n/a
09:06:20.329 [Test worker-SendThread(127.0.0.1:46253)] DEBUG org.apache.zookeeper.ClientCnxn - Reading reply sessionid:0x1624798348d0001, packet:: clientPath:null serverPath:null finished:false header:: 21,1  replyHeader:: 21,15,0  request:: '/admin/delete_topics,,v{s{31,s{'world,'anyone}}},0  response:: '/admin/delete_topics 
09:06:20.330 [SyncThread:0] DEBUG org.apache.zookeeper.server.FinalRequestProcessor - Processing request:: sessionid:0x1624798348d0001 type:exists cxid:0x16 zxid:0xfffffffffffffffe txntype:unknown reqpath:/brokers/seqid
09:06:20.330 [SyncThread:0] DEBUG org.apache.zookeeper.server.FinalRequestProcessor - sessionid:0x1624798348d0001 type:exists cxid:0x16 zxid:0xfffffffffffffffe txntype:unknown reqpath:/brokers/seqid
09:06:20.330 [Test worker-SendThread(127.0.0.1:46253)] DEBUG org.apache.zookeeper.ClientCnxn - Reading reply sessionid:0x1624798348d0001, packet:: clientPath:null serverPath:null finished:false header:: 22,3  replyHeader:: 22,15,-101  request:: '/brokers/seqid,F  response::  
09:06:20.331 [SyncThread:0] DEBUG org.apache.zookeeper.server.FinalRequestProcessor - Processing request:: sessionid:0x1624798348d0001 type:create cxid:0x17 zxid:0x10 txntype:1 reqpath:n/a
09:06:20.331 [SyncThread:0] DEBUG org.apache.zookeeper.server.FinalRequestProcessor - sessionid:0x1624798348d0001 type:create cxid:0x17 zxid:0x10 txntype:1 reqpath:n/a
09:06:20.332 [Test worker-SendThread(127.0.0.1:46253)] DEBUG org.apache.zookeeper.ClientCnxn - Reading reply sessionid:0x1624798348d0001, packet:: clientPath:null serverPath:null finished:false header:: 23,1  replyHeader:: 23,16,0  request:: '/brokers/seqid,,v{s{31,s{'world,'anyone}}},0  response:: '/brokers/seqid 
09:06:20.332 [SyncThread:0] DEBUG org.apache.zookeeper.server.FinalRequestProcessor - Processing request:: sessionid:0x1624798348d0001 type:exists cxid:0x18 zxid:0xfffffffffffffffe txntype:unknown reqpath:/isr_change_notification
09:06:20.332 [SyncThread:0] DEBUG org.apache.zookeeper.server.FinalRequestProcessor - sessionid:0x1624798348d0001 type:exists cxid:0x18 zxid:0xfffffffffffffffe txntype:unknown reqpath:/isr_change_notification
09:06:20.333 [Test worker-SendThread(127.0.0.1:46253)] DEBUG org.apache.zookeeper.ClientCnxn - Reading reply sessionid:0x1624798348d0001, packet:: clientPath:null serverPath:null finished:false header:: 24,3  replyHeader:: 24,16,-101  request:: '/isr_change_notification,F  response::  
09:06:20.333 [SyncThread:0] DEBUG org.apache.zookeeper.server.FinalRequestProcessor - Processing request:: sessionid:0x1624798348d0001 type:create cxid:0x19 zxid:0x11 txntype:1 reqpath:n/a
09:06:20.334 [SyncThread:0] DEBUG org.apache.zookeeper.server.FinalRequestProcessor - sessionid:0x1624798348d0001 type:create cxid:0x19 zxid:0x11 txntype:1 reqpath:n/a
09:06:20.334 [Test worker-SendThread(127.0.0.1:46253)] DEBUG org.apache.zookeeper.ClientCnxn - Reading reply sessionid:0x1624798348d0001, packet:: clientPath:null serverPath:null finished:false header:: 25,1  replyHeader:: 25,17,0  request:: '/isr_change_notification,,v{s{31,s{'world,'anyone}}},0  response:: '/isr_change_notification 
09:06:20.335 [SyncThread:0] DEBUG org.apache.zookeeper.server.FinalRequestProcessor - Processing request:: sessionid:0x1624798348d0001 type:exists cxid:0x1a zxid:0xfffffffffffffffe txntype:unknown reqpath:/latest_producer_id_block
09:06:20.335 [SyncThread:0] DEBUG org.apache.zookeeper.server.FinalRequestProcessor - sessionid:0x1624798348d0001 type:exists cxid:0x1a zxid:0xfffffffffffffffe txntype:unknown reqpath:/latest_producer_id_block
09:06:20.335 [Test worker-SendThread(127.0.0.1:46253)] DEBUG org.apache.zookeeper.ClientCnxn - Reading reply sessionid:0x1624798348d0001, packet:: clientPath:null serverPath:null finished:false header:: 26,3  replyHeader:: 26,17,-101  request:: '/latest_producer_id_block,F  response::  
09:06:20.336 [SyncThread:0] DEBUG org.apache.zookeeper.server.FinalRequestProcessor - Processing request:: sessionid:0x1624798348d0001 type:create cxid:0x1b zxid:0x12 txntype:1 reqpath:n/a
09:06:20.336 [SyncThread:0] DEBUG org.apache.zookeeper.server.FinalRequestProcessor - sessionid:0x1624798348d0001 type:create cxid:0x1b zxid:0x12 txntype:1 reqpath:n/a
09:06:20.337 [Test worker-SendThread(127.0.0.1:46253)] DEBUG org.apache.zookeeper.ClientCnxn - Reading reply sessionid:0x1624798348d0001, packet:: clientPath:null serverPath:null finished:false header:: 27,1  replyHeader:: 27,18,0  request:: '/latest_producer_id_block,,v{s{31,s{'world,'anyone}}},0  response:: '/latest_producer_id_block 
09:06:20.337 [SyncThread:0] DEBUG org.apache.zookeeper.server.FinalRequestProcessor - Processing request:: sessionid:0x1624798348d0001 type:exists cxid:0x1c zxid:0xfffffffffffffffe txntype:unknown reqpath:/log_dir_event_notification
09:06:20.337 [SyncThread:0] DEBUG org.apache.zookeeper.server.FinalRequestProcessor - sessionid:0x1624798348d0001 type:exists cxid:0x1c zxid:0xfffffffffffffffe txntype:unknown reqpath:/log_dir_event_notification
09:06:20.338 [Test worker-SendThread(127.0.0.1:46253)] DEBUG org.apache.zookeeper.ClientCnxn - Reading reply sessionid:0x1624798348d0001, packet:: clientPath:null serverPath:null finished:false header:: 28,3  replyHeader:: 28,18,-101  request:: '/log_dir_event_notification,F  response::  
09:06:20.338 [SyncThread:0] DEBUG org.apache.zookeeper.server.FinalRequestProcessor - Processing request:: sessionid:0x1624798348d0001 type:create cxid:0x1d zxid:0x13 txntype:1 reqpath:n/a
09:06:20.339 [SyncThread:0] DEBUG org.apache.zookeeper.server.FinalRequestProcessor - sessionid:0x1624798348d0001 type:create cxid:0x1d zxid:0x13 txntype:1 reqpath:n/a
09:06:20.339 [Test worker-SendThread(127.0.0.1:46253)] DEBUG org.apache.zookeeper.ClientCnxn - Reading reply sessionid:0x1624798348d0001, packet:: clientPath:null serverPath:null finished:false header:: 29,1  replyHeader:: 29,19,0  request:: '/log_dir_event_notification,,v{s{31,s{'world,'anyone}}},0  response:: '/log_dir_event_notification 
09:06:20.341 [SyncThread:0] DEBUG org.apache.zookeeper.server.FinalRequestProcessor - Processing request:: sessionid:0x1624798348d0001 type:getData cxid:0x1e zxid:0xfffffffffffffffe txntype:unknown reqpath:/cluster/id
09:06:20.341 [SyncThread:0] DEBUG org.apache.zookeeper.server.FinalRequestProcessor - sessionid:0x1624798348d0001 type:getData cxid:0x1e zxid:0xfffffffffffffffe txntype:unknown reqpath:/cluster/id
09:06:20.342 [Test worker-SendThread(127.0.0.1:46253)] DEBUG org.apache.zookeeper.ClientCnxn - Reading reply sessionid:0x1624798348d0001, packet:: clientPath:null serverPath:null finished:false header:: 30,4  replyHeader:: 30,19,-101  request:: '/cluster/id,F  response::  
09:06:20.437 [ProcessThread(sid:0 cport:46253):] INFO org.apache.zookeeper.server.PrepRequestProcessor - Got user-level KeeperException when processing sessionid:0x1624798348d0001 type:create cxid:0x1f zxid:0x14 txntype:-1 reqpath:n/a Error Path:/cluster Error:KeeperErrorCode = NoNode for /cluster
09:06:20.437 [SyncThread:0] DEBUG org.apache.zookeeper.server.FinalRequestProcessor - Processing request:: sessionid:0x1624798348d0001 type:create cxid:0x1f zxid:0x14 txntype:-1 reqpath:n/a
09:06:20.437 [SyncThread:0] DEBUG org.apache.zookeeper.server.DataTree - Ignoring processTxn failure hdr: -1 : error: -101
09:06:20.438 [Test worker-SendThread(127.0.0.1:46253)] DEBUG org.apache.zookeeper.ClientCnxn - Reading reply sessionid:0x1624798348d0001, packet:: clientPath:null serverPath:null finished:false header:: 31,1  replyHeader:: 31,20,-101  request:: '/cluster/id,#7b2276657273696f6e223a2231222c226964223a22746532323450734f514579746b4e766630492d767777227d,v{s{31,s{'world,'anyone}}},0  response::  
09:06:20.439 [SyncThread:0] DEBUG org.apache.zookeeper.server.FinalRequestProcessor - Processing request:: sessionid:0x1624798348d0001 type:create cxid:0x20 zxid:0x15 txntype:1 reqpath:n/a
09:06:20.439 [SyncThread:0] DEBUG org.apache.zookeeper.server.FinalRequestProcessor - sessionid:0x1624798348d0001 type:create cxid:0x20 zxid:0x15 txntype:1 reqpath:n/a
09:06:20.440 [Test worker-SendThread(127.0.0.1:46253)] DEBUG org.apache.zookeeper.ClientCnxn - Reading reply sessionid:0x1624798348d0001, packet:: clientPath:null serverPath:null finished:false header:: 32,1  replyHeader:: 32,21,0  request:: '/cluster,,v{s{31,s{'world,'anyone}}},0  response:: '/cluster 
09:06:20.441 [SyncThread:0] DEBUG org.apache.zookeeper.server.FinalRequestProcessor - Processing request:: sessionid:0x1624798348d0001 type:create cxid:0x21 zxid:0x16 txntype:1 reqpath:n/a
09:06:20.441 [SyncThread:0] DEBUG org.apache.zookeeper.server.FinalRequestProcessor - sessionid:0x1624798348d0001 type:create cxid:0x21 zxid:0x16 txntype:1 reqpath:n/a
09:06:20.441 [Test worker-SendThread(127.0.0.1:46253)] DEBUG org.apache.zookeeper.ClientCnxn - Reading reply sessionid:0x1624798348d0001, packet:: clientPath:null serverPath:null finished:false header:: 33,1  replyHeader:: 33,22,0  request:: '/cluster/id,#7b2276657273696f6e223a2231222c226964223a22746532323450734f514579746b4e766630492d767777227d,v{s{31,s{'world,'anyone}}},0  response:: '/cluster/id 
09:06:20.463 [Test worker] DEBUG org.apache.kafka.common.metrics.Metrics - Added sensor with name Fetch-delayQueue
09:06:20.464 [Test worker] DEBUG org.apache.kafka.common.metrics.Metrics - Added sensor with name Produce-delayQueue
09:06:20.465 [Test worker] DEBUG org.apache.kafka.common.metrics.Metrics - Added sensor with name Request-delayQueue
09:06:20.478 [SyncThread:0] DEBUG org.apache.zookeeper.server.FinalRequestProcessor - Processing request:: sessionid:0x1624798348d0001 type:getChildren cxid:0x22 zxid:0xfffffffffffffffe txntype:unknown reqpath:/brokers/topics
09:06:20.478 [SyncThread:0] DEBUG org.apache.zookeeper.server.FinalRequestProcessor - sessionid:0x1624798348d0001 type:getChildren cxid:0x22 zxid:0xfffffffffffffffe txntype:unknown reqpath:/brokers/topics
09:06:20.479 [Test worker-SendThread(127.0.0.1:46253)] DEBUG org.apache.zookeeper.ClientCnxn - Reading reply sessionid:0x1624798348d0001, packet:: clientPath:null serverPath:null finished:false header:: 34,8  replyHeader:: 34,22,0  request:: '/brokers/topics,F  response:: v{} 
09:06:20.516 [Test worker] DEBUG org.apache.kafka.common.metrics.Metrics - Added sensor with name MemoryPoolUtilization
[...]
2018-03-21 09:06:38.004  INFO 17460 --- [-StreamThread-1] org.apache.kafka.streams.KafkaStreams    : stream-client [topology-client-id]State transition from RUNNING to REBALANCING
2018-03-21 09:06:38.005  INFO 17460 --- [-StreamThread-1] h.e.c.topology.UserEarningProcessor      : processor close time!
2018-03-21 09:06:38.005  INFO 17460 --- [-StreamThread-1] o.a.k.s.p.internals.StreamThread         : stream-thread [topology-client-id-StreamThread-1] partition revocation took 1 ms.
	suspended active tasks: [0_0]
	suspended standby tasks: []
2018-03-21 09:06:38.006  INFO 17460 --- [-StreamThread-1] o.a.k.c.c.internals.AbstractCoordinator  : [Consumer clientId=topology-client-id-StreamThread-1-consumer, groupId=topology-app-id] (Re-)joining group
2018-03-21 09:06:38.111  INFO 17460 --- [-StreamThread-1] o.a.k.s.p.i.StreamPartitionAssignor      : stream-thread [topology-client-id-StreamThread-1-consumer] Assigned tasks to clients as {02e87308-ea15-4be2-acc0-cbc91ebd7add=[activeTasks: ([0_0, 0_1]) standbyTasks: ([]) assignedTasks: ([0_0, 0_1]) prevActiveTasks: ([0_0]) prevAssignedTasks: ([0_0, 0_1]) capacity: 1]}.
2018-03-21 09:06:38.113  INFO 17460 --- [-StreamThread-1] o.a.k.c.c.internals.AbstractCoordinator  : [Consumer clientId=topology-client-id-StreamThread-1-consumer, groupId=topology-app-id] Successfully joined group with generation 3
2018-03-21 09:06:38.114  INFO 17460 --- [-StreamThread-1] o.a.k.c.c.internals.ConsumerCoordinator  : [Consumer clientId=topology-client-id-StreamThread-1-consumer, groupId=topology-app-id] Setting newly assigned partitions [rawUserEarningTopic-1, rawUserEarningTopic-0]
2018-03-21 09:06:38.114  INFO 17460 --- [-StreamThread-1] o.a.k.s.p.internals.StreamThread         : stream-thread [topology-client-id-StreamThread-1] State transition from PARTITIONS_REVOKED to PARTITIONS_ASSIGNED
2018-03-21 09:06:38.115  INFO 17460 --- [-StreamThread-1] h.e.c.topology.UserEarningProcessor      : processor init
2018-03-21 09:06:38.116  INFO 17460 --- [-StreamThread-1] o.a.k.s.p.internals.StreamThread         : stream-thread [topology-client-id-StreamThread-1] partition assignment took 2 ms.
	current active tasks: [0_0, 0_1]
	current standby tasks: []
	previous active tasks: [0_0]

2018-03-21 09:06:38.118  INFO 17460 --- [-StreamThread-1] o.a.k.s.p.internals.StreamThread         : stream-thread [topology-client-id-StreamThread-1] Setting topic 'rawUserEarningTopic' to consume from latest offset
2018-03-21 09:06:38.122  INFO 17460 --- [-StreamThread-1] h.e.c.topology.UserEarningProcessor      : processor init
2018-03-21 09:06:38.124  INFO 17460 --- [-StreamThread-1] o.a.k.s.p.internals.StreamThread         : stream-thread [topology-client-id-StreamThread-1] State transition from PARTITIONS_ASSIGNED to RUNNING
2018-03-21 09:06:38.125  INFO 17460 --- [-StreamThread-1] org.apache.kafka.streams.KafkaStreams    : stream-client [topology-client-id]State transition from REBALANCING to RUNNING
2018-03-21 09:06:38.142  INFO 17460 --- [-StreamThread-1] h.e.c.topology.UserEarningProcessor      : forwared key: UUID with userEarning: {"id":1,"uuid":"UUID","firstName":"Guido","lastName":"Milanezo","age":22,"totalEarned":90000,"jobEarnings":[{"companyName":"linkedin","months":12,"salary":90000,"earning":90000.00}]}
2018-03-21 09:06:38.248  INFO 17460 --- [    Test worker] r.c.GenericReactiveWebApplicationContext : Closing org.springframework.boot.web.reactive.context.GenericReactiveWebApplicationContext@4daac079: startup date [Wed Mar 21 09:06:21 CET 2018]; root of context hierarchy
2018-03-21 09:06:38.250  INFO 17460 --- [    Test worker] o.s.c.support.DefaultLifecycleProcessor  : Stopping beans in phase 2147483547
2018-03-21 09:06:38.250  INFO 17460 --- [    Test worker] o.s.c.support.DefaultLifecycleProcessor  : Stopping beans in phase 2147482647
2018-03-21 09:06:38.250  INFO 17460 --- [    Test worker] org.apache.kafka.streams.KafkaStreams    : stream-client [topology-client-id]State transition from ERROR to PENDING_SHUTDOWN
2018-03-21 09:06:38.250  INFO 17460 --- [    Test worker] o.a.k.s.p.internals.StreamThread         : stream-thread [topology-client-id-StreamThread-2] Informed to shut down
2018-03-21 09:06:38.252  INFO 17460 --- [ms-close-thread] org.apache.kafka.streams.KafkaStreams    : stream-client [topology-client-id]State transition from PENDING_SHUTDOWN to NOT_RUNNING
2018-03-21 09:06:38.252  INFO 17460 --- [    Test worker] org.apache.kafka.streams.KafkaStreams    : stream-client [topology-client-id]Streams client stopped completely
2018-03-21 09:06:38.253  INFO 17460 --- [    Test worker] o.s.c.support.DefaultLifecycleProcessor  : Stopping beans in phase 0
2018-03-21 09:06:38.254  INFO 17460 --- [    Test worker] h.e.c.topology.UserEarningProcessor      : processor close time!
2018-03-21 09:06:38.254  INFO 17460 --- [    Test worker] org.apache.kafka.streams.KafkaStreams    : stream-client [topology-client-id]State transition from RUNNING to PENDING_SHUTDOWN
2018-03-21 09:06:38.254  INFO 17460 --- [    Test worker] o.a.k.s.p.internals.StreamThread         : stream-thread [topology-client-id-StreamThread-1] Informed to shut down
2018-03-21 09:06:38.254  INFO 17460 --- [    Test worker] o.a.k.s.p.internals.StreamThread         : stream-thread [topology-client-id-StreamThread-1] State transition from RUNNING to PENDING_SHUTDOWN
2018-03-21 09:06:38.344  INFO 17460 --- [-StreamThread-1] o.a.k.s.p.internals.StreamThread         : stream-thread [topology-client-id-StreamThread-1] Shutting down
2018-03-21 09:06:38.345  INFO 17460 --- [-StreamThread-1] h.e.c.topology.UserEarningProcessor      : processor close time!
2018-03-21 09:06:38.346  INFO 17460 --- [-StreamThread-1] h.e.c.topology.UserEarningProcessor      : processor close time!
2018-03-21 09:06:38.347  INFO 17460 --- [-StreamThread-1] o.a.k.clients.producer.KafkaProducer     : [Producer clientId=topology-client-id-StreamThread-1-producer] Closing the Kafka producer with timeoutMillis = 9223372036854775807 ms.
2018-03-21 09:06:38.351  INFO 17460 --- [-StreamThread-1] o.a.k.s.p.internals.StreamThread         : stream-thread [topology-client-id-StreamThread-1] State transition from PENDING_SHUTDOWN to DEAD
2018-03-21 09:06:38.351  INFO 17460 --- [-StreamThread-1] o.a.k.s.p.internals.StreamThread         : stream-thread [topology-client-id-StreamThread-1] Shutdown complete
2018-03-21 09:06:38.351  INFO 17460 --- [ms-close-thread] org.apache.kafka.streams.KafkaStreams    : stream-client [topology-client-id]State transition from PENDING_SHUTDOWN to NOT_RUNNING
2018-03-21 09:06:38.351  INFO 17460 --- [    Test worker] org.apache.kafka.streams.KafkaStreams    : stream-client [topology-client-id]Streams client stopped completely
2018-03-21 09:06:38.441  WARN 17460 --- [           -C-1] org.apache.kafka.clients.NetworkClient   : [Consumer clientId=home.kafka.consumer, groupId=home.kafka.consumer] Connection to node 0 could not be established. Broker may not be available.
2018-03-21 09:06:38.494  WARN 17460 --- [r-0-send-thread] org.apache.kafka.clients.NetworkClient   : [Controller id=0, targetBrokerId=0] Connection to node 0 could not be established. Broker may not be available.
2018-03-21 09:06:38.543  WARN 17460 --- [           -C-1] org.apache.kafka.clients.NetworkClient   : [Consumer clientId=home.kafka.consumer, groupId=home.kafka.consumer] Connection to node 0 could not be established. Broker may not be available.
2018-03-21 09:06:38.596  WARN 17460 --- [r-0-send-thread] org.apache.kafka.clients.NetworkClient   : [Controller id=0, targetBrokerId=0] Connection to node 0 could not be established. Broker may not be available.
2018-03-21 09:06:38.697  WARN 17460 --- [r-0-send-thread] org.apache.kafka.clients.NetworkClient   : [Controller id=0, targetBrokerId=0] Connection to node 0 could not be established. Broker may not be available.
2018-03-21 09:06:38.798  WARN 17460 --- [r-0-send-thread] org.apache.kafka.clients.NetworkClient   : [Controller id=0, targetBrokerId=0] Connection to node 0 could not be established. Broker may not be available.
2018-03-21 09:06:38.898  WARN 17460 --- [r-0-send-thread] org.apache.kafka.clients.NetworkClient   : [Controller id=0, targetBrokerId=0] Connection to node 0 could not be established. Broker may not be available.
2018-03-21 09:06:38.999  WARN 17460 --- [r-0-send-thread] org.apache.kafka.clients.NetworkClient   : [Controller id=0, targetBrokerId=0] Connection to node 0 could not be established. Broker may not be available.
2018-03-21 09:06:39.100  WARN 17460 --- [r-0-send-thread] org.apache.kafka.clients.NetworkClient   : [Controller id=0, targetBrokerId=0] Connection to node 0 could not be established. Broker may not be available.
2018-03-21 09:06:39.201  WARN 17460 --- [r-0-send-thread] org.apache.kafka.clients.NetworkClient   : [Controller id=0, targetBrokerId=0] Connection to node 0 could not be established. Broker may not be available.
2018-03-21 09:06:39.301  WARN 17460 --- [r-0-send-thread] org.apache.kafka.clients.NetworkClient   : [Controller id=0, targetBrokerId=0] Connection to node 0 could not be established. Broker may not be available.
2018-03-21 09:06:39.402  WARN 17460 --- [r-0-send-thread] org.apache.kafka.clients.NetworkClient   : [Controller id=0, targetBrokerId=0] Connection to node 0 could not be established. Broker may not be available.
2018-03-21 09:06:39.503  WARN 17460 --- [r-0-send-thread] org.apache.kafka.clients.NetworkClient   : [Controller id=0, targetBrokerId=0] Connection to node 0 could not be established. Broker may not be available.
2018-03-21 09:06:39.604  WARN 17460 --- [r-0-send-thread] org.apache.kafka.clients.NetworkClient   : [Controller id=0, targetBrokerId=0] Connection to node 0 could not be established. Broker may not be available.
2018-03-21 09:06:39.704  WARN 17460 --- [r-0-send-thread] org.apache.kafka.clients.NetworkClient   : [Controller id=0, targetBrokerId=0] Connection to node 0 could not be established. Broker may not be available.
2018-03-21 09:06:39.805  WARN 17460 --- [r-0-send-thread] org.apache.kafka.clients.NetworkClient   : [Controller id=0, targetBrokerId=0] Connection to node 0 could not be established. Broker may not be available.
2018-03-21 09:06:39.906  WARN 17460 --- [r-0-send-thread] org.apache.kafka.clients.NetworkClient   : [Controller id=0, targetBrokerId=0] Connection to node 0 could not be established. Broker may not be available.
2018-03-21 09:06:40.007  WARN 17460 --- [r-0-send-thread] org.apache.kafka.clients.NetworkClient   : [Controller id=0, targetBrokerId=0] Connection to node 0 could not be established. Broker may not be available.
2018-03-21 09:06:40.107  WARN 17460 --- [r-0-send-thread] org.apache.kafka.clients.NetworkClient   : [Controller id=0, targetBrokerId=0] Connection to node 0 could not be established. Broker may not be available.
2018-03-21 09:06:40.208  WARN 17460 --- [r-0-send-thread] org.apache.kafka.clients.NetworkClient   : [Controller id=0, targetBrokerId=0] Connection to node 0 could not be established. Broker may not be available.
2018-03-21 09:06:40.309  WARN 17460 --- [r-0-send-thread] org.apache.kafka.clients.NetworkClient   : [Controller id=0, targetBrokerId=0] Connection to node 0 could not be established. Broker may not be available.
2018-03-21 09:06:40.328  INFO 17460 --- [127.0.0.1:46253] org.I0Itec.zkclient.ZkEventThread        : Terminate ZkClient event thread.
2018-03-21 09:06:40.328  INFO 17460 --- [0 cport:46253):] o.a.z.server.PrepRequestProcessor        : Processed session termination for sessionid: 0x1624798348d0001
2018-03-21 09:06:40.329  INFO 17460 --- [    Test worker] org.apache.zookeeper.ZooKeeper           : Session: 0x1624798348d0001 closed
2018-03-21 09:06:40.329  INFO 17460 --- [ker-EventThread] org.apache.zookeeper.ClientCnxn          : EventThread shut down for session: 0x1624798348d0001
2018-03-21 09:06:40.330  INFO 17460 --- [ry:/127.0.0.1:0] o.apache.zookeeper.server.NIOServerCnxn  : Closed socket connection for client /127.0.0.1:58076 which had sessionid 0x1624798348d0001
2018-03-21 09:06:40.359  INFO 17460 --- [0 cport:46253):] o.a.z.server.PrepRequestProcessor        : Got user-level KeeperException when processing sessionid:0x1624798348d0002 type:delete cxid:0x60 zxid:0x64 txntype:-1 reqpath:n/a Error Path:/admin/preferred_replica_election Error:KeeperErrorCode = NoNode for /admin/preferred_replica_election
2018-03-21 09:06:40.675  WARN 17460 --- [           -C-1] org.apache.kafka.clients.NetworkClient   : [Consumer clientId=home.kafka.consumer, groupId=home.kafka.consumer] Connection to node 0 could not be established. Broker may not be available.
2018-03-21 09:06:40.676  WARN 17460 --- [ad | producer-1] org.apache.kafka.clients.NetworkClient   : [Producer clientId=producer-1] Connection to node 0 could not be established. Broker may not be available.
2018-03-21 09:06:40.676  INFO 17460 --- [           -C-1] o.a.k.c.c.internals.AbstractCoordinator  : [Consumer clientId=home.kafka.consumer, groupId=home.kafka.consumer] Marking the coordinator localhost:36171 (id: 2147483646 rack: null) dead
2018-03-21 09:06:40.727  WARN 17460 --- [ad | producer-1] org.apache.kafka.clients.NetworkClient   : [Producer clientId=producer-1] Connection to node 1 could not be established. Broker may not be available.
2018-03-21 09:06:40.727  WARN 17460 --- [ad | producer-1] org.apache.kafka.clients.NetworkClient   : [Producer clientId=producer-1] Connection to node 0 could not be established. Broker may not be available.
2018-03-21 09:06:40.728  WARN 17460 --- [           -C-1] org.apache.kafka.clients.NetworkClient   : [Consumer clientId=home.kafka.consumer, groupId=home.kafka.consumer] Connection to node 1 could not be established. Broker may not be available.
2018-03-21 09:06:40.828  WARN 17460 --- [ad | producer-1] org.apache.kafka.clients.NetworkClient   : [Producer clientId=producer-1] Connection to node 0 could not be established. Broker may not be available.
2018-03-21 09:06:40.879  WARN 17460 --- [ad | producer-1] org.apache.kafka.clients.NetworkClient   : [Producer clientId=producer-1] Connection to node 1 could not be established. Broker may not be available.
2018-03-21 09:06:40.879  WARN 17460 --- [           -C-1] org.apache.kafka.clients.NetworkClient   : [Consumer clientId=home.kafka.consumer, groupId=home.kafka.consumer] Connection to node 1 could not be established. Broker may not be available.
2018-03-21 09:06:41.080  WARN 17460 --- [ad | producer-1] org.apache.kafka.clients.NetworkClient   : [Producer clientId=producer-1] Connection to node 0 could not be established. Broker may not be available.
2018-03-21 09:06:41.080  WARN 17460 --- [           -C-1] org.apache.kafka.clients.NetworkClient   : [Consumer clientId=home.kafka.consumer, groupId=home.kafka.consumer] Connection to node 1 could not be established. Broker may not be available.
2018-03-21 09:06:41.131  WARN 17460 --- [ad | producer-1] org.apache.kafka.clients.NetworkClient   : [Producer clientId=producer-1] Connection to node 1 could not be established. Broker may not be available.
2018-03-21 09:06:41.131  WARN 17460 --- [           -C-1] org.apache.kafka.clients.NetworkClient   : [Consumer clientId=home.kafka.consumer, groupId=home.kafka.consumer] Connection to node 0 could not be established. Broker may not be available.
2018-03-21 09:06:41.432  WARN 17460 --- [ad | producer-1] org.apache.kafka.clients.NetworkClient   : [Producer clientId=producer-1] Connection to node 0 could not be established. Broker may not be available.
2018-03-21 09:06:41.432  WARN 17460 --- [           -C-1] org.apache.kafka.clients.NetworkClient   : [Consumer clientId=home.kafka.consumer, groupId=home.kafka.consumer] Connection to node 1 could not be established. Broker may not be available.
2018-03-21 09:06:41.499  INFO 17460 --- [127.0.0.1:46253] org.I0Itec.zkclient.ZkEventThread        : Terminate ZkClient event thread.
2018-03-21 09:06:41.499  INFO 17460 --- [0 cport:46253):] o.a.z.server.PrepRequestProcessor        : Processed session termination for sessionid: 0x1624798348d0002
2018-03-21 09:06:41.499  INFO 17460 --- [    Test worker] org.apache.zookeeper.ZooKeeper           : Session: 0x1624798348d0002 closed
2018-03-21 09:06:41.499  INFO 17460 --- [ker-EventThread] org.apache.zookeeper.ClientCnxn          : EventThread shut down for session: 0x1624798348d0002
2018-03-21 09:06:41.500  INFO 17460 --- [ry:/127.0.0.1:0] o.apache.zookeeper.server.NIOServerCnxn  : Closed socket connection for client /127.0.0.1:58078 which had sessionid 0x1624798348d0002
2018-03-21 09:06:41.503  INFO 17460 --- [127.0.0.1:46253] org.I0Itec.zkclient.ZkEventThread        : Terminate ZkClient event thread.
2018-03-21 09:06:41.503  INFO 17460 --- [0 cport:46253):] o.a.z.server.PrepRequestProcessor        : Processed session termination for sessionid: 0x1624798348d0000
2018-03-21 09:06:41.503  INFO 17460 --- [    Test worker] org.apache.zookeeper.ZooKeeper           : Session: 0x1624798348d0000 closed
2018-03-21 09:06:41.503  INFO 17460 --- [ker-EventThread] org.apache.zookeeper.ClientCnxn          : EventThread shut down for session: 0x1624798348d0000
2018-03-21 09:06:41.503  INFO 17460 --- [ry:/127.0.0.1:0] o.apache.zookeeper.server.NIOServerCnxn  : Closed socket connection for client /127.0.0.1:58074 which had sessionid 0x1624798348d0000
2018-03-21 09:06:41.504  INFO 17460 --- [    Test worker] o.a.zookeeper.server.ZooKeeperServer     : shutting down
2018-03-21 09:06:41.504 ERROR 17460 --- [    Test worker] o.a.zookeeper.server.ZooKeeperServer     : ZKShutdownHandler is not registered, so ZooKeeper server won't take any action on ERROR or SHUTDOWN server state changes
2018-03-21 09:06:41.504  INFO 17460 --- [    Test worker] o.a.zookeeper.server.SessionTrackerImpl  : Shutting down
2018-03-21 09:06:41.504  INFO 17460 --- [    Test worker] o.a.z.server.PrepRequestProcessor        : Shutting down
2018-03-21 09:06:41.504  INFO 17460 --- [    Test worker] o.a.z.server.SyncRequestProcessor        : Shutting down
2018-03-21 09:06:41.504  INFO 17460 --- [0 cport:46253):] o.a.z.server.PrepRequestProcessor        : PrepRequestProcessor exited loop!
2018-03-21 09:06:41.504  INFO 17460 --- [   SyncThread:0] o.a.z.server.SyncRequestProcessor        : SyncRequestProcessor exited!
2018-03-21 09:06:41.504  INFO 17460 --- [    Test worker] o.a.z.server.FinalRequestProcessor       : shutdown of request processor complete
2018-03-21 09:06:41.504  INFO 17460 --- [ry:/127.0.0.1:0] o.a.z.server.NIOServerCnxnFactory        : NIOServerCnxn factory exited run method
]]></system-out>
  <system-err><![CDATA[Exception in thread "topology-client-id-StreamThread-2" java.lang.IllegalArgumentException: Assigned partition rawUserEarningTopic-1 for non-subscribed topic regex pattern; subscription pattern is 
	at org.apache.kafka.clients.consumer.internals.SubscriptionState.assignFromSubscribed(SubscriptionState.java:195)
	at org.apache.kafka.clients.consumer.internals.ConsumerCoordinator.onJoinComplete(ConsumerCoordinator.java:225)
	at org.apache.kafka.clients.consumer.internals.AbstractCoordinator.joinGroupIfNeeded(AbstractCoordinator.java:367)
	at org.apache.kafka.clients.consumer.internals.AbstractCoordinator.ensureActiveGroup(AbstractCoordinator.java:316)
	at org.apache.kafka.clients.consumer.internals.ConsumerCoordinator.poll(ConsumerCoordinator.java:295)
	at org.apache.kafka.clients.consumer.KafkaConsumer.pollOnce(KafkaConsumer.java:1138)
	at org.apache.kafka.clients.consumer.KafkaConsumer.poll(KafkaConsumer.java:1103)
	at org.apache.kafka.streams.processor.internals.StreamThread.pollRequests(StreamThread.java:851)
	at org.apache.kafka.streams.processor.internals.StreamThread.runOnce(StreamThread.java:808)
	at org.apache.kafka.streams.processor.internals.StreamThread.runLoop(StreamThread.java:774)
	at org.apache.kafka.streams.processor.internals.StreamThread.run(StreamThread.java:744)
]]></system-err>
</testsuite>
